#
# There is insufficient memory for the Java Runtime Environment to continue.
# Native memory allocation (malloc) failed to allocate 819936 bytes for Chunk::new
# Possible reasons:
#   The system is out of physical RAM or swap space
#   The process is running with CompressedOops enabled, and the Java Heap may be blocking the growth of the native heap
# Possible solutions:
#   Reduce memory load on the system
#   Increase physical memory or swap space
#   Check if swap backing store is full
#   Decrease Java heap size (-Xmx/-Xms)
#   Decrease number of Java threads
#   Decrease Java thread stack sizes (-Xss)
#   Set larger code cache with -XX:ReservedCodeCacheSize=
#   JVM is running with Unscaled Compressed Oops mode in which the Java heap is
#     placed in the first 4GB address space. The Java Heap base address is the
#     maximum limit for the native heap growth. Please use -XX:HeapBaseMinAddress
#     to set the Java Heap base and to place the Java Heap above 4GB virtual address.
# This output file may be truncated or incomplete.
#
#  Out of Memory Error (arena.cpp:189), pid=5148, tid=16028
#
# JRE version: Java(TM) SE Runtime Environment (17.0.8+9) (build 17.0.8+9-LTS-211)
# Java VM: Java HotSpot(TM) 64-Bit Server VM (17.0.8+9-LTS-211, mixed mode, sharing, tiered, compressed oops, compressed class ptrs, g1 gc, windows-amd64)
# No core dump will be written. Minidumps are not enabled by default on client versions of Windows
#

---------------  S U M M A R Y ------------

Command Line: --add-opens=java.base/java.util=ALL-UNNAMED --add-opens=java.base/java.lang=ALL-UNNAMED --add-opens=java.base/java.lang.invoke=ALL-UNNAMED --add-opens=java.prefs/java.util.prefs=ALL-UNNAMED --add-opens=java.base/java.nio.charset=ALL-UNNAMED --add-opens=java.base/java.net=ALL-UNNAMED --add-opens=java.base/java.util.concurrent.atomic=ALL-UNNAMED -XX:MaxMetaspaceSize=384m -XX:+HeapDumpOnOutOfMemoryError -Xms256m -Xmx512m -Dfile.encoding=x-windows-949 -Duser.country=KR -Duser.language=ko -Duser.variant -javaagent:C:\Users\hyoje\.gradle\wrapper\dists\gradle-8.8-bin\dl7vupf4psengwqhwktix4v1\gradle-8.8\lib\agents\gradle-instrumentation-agent-8.8.jar org.gradle.launcher.daemon.bootstrap.GradleDaemon 8.8

Host: Intel(R) Core(TM) i5-10210U CPU @ 1.60GHz, 8 cores, 7G,  Windows 10 , 64 bit Build 19041 (10.0.19041.4597)
Time: Tue Aug  6 13:03:28 2024  Windows 10 , 64 bit Build 19041 (10.0.19041.4597) elapsed time: 11.343857 seconds (0d 0h 0m 11s)

---------------  T H R E A D  ---------------

Current thread (0x000002a72ba7a560):  JavaThread "C2 CompilerThread1" daemon [_thread_in_native, id=16028, stack(0x000000aa40800000,0x000000aa40900000)]


Current CompileTask:
C2:  11344 4066       4       groovy.lang.MetaClassImpl$1MOPIter::methodNameAction (325 bytes)

Stack: [0x000000aa40800000,0x000000aa40900000]
Native frames: (J=compiled Java code, j=interpreted, Vv=VM code, C=native code)
V  [jvm.dll+0x677d0a]
V  [jvm.dll+0x7d8c54]
V  [jvm.dll+0x7da3fe]
V  [jvm.dll+0x7daa63]
V  [jvm.dll+0x245c5f]
V  [jvm.dll+0xaaa6b]
V  [jvm.dll+0xab00c]
V  [jvm.dll+0x2ab5cf]
V  [jvm.dll+0x580435]
V  [jvm.dll+0x220b22]
V  [jvm.dll+0x220eff]
V  [jvm.dll+0x219e56]
V  [jvm.dll+0x217329]
V  [jvm.dll+0x1a3af0]
V  [jvm.dll+0x2270be]
V  [jvm.dll+0x22535b]
V  [jvm.dll+0x78e7bc]
V  [jvm.dll+0x788bba]
V  [jvm.dll+0x676b35]
C  [ucrtbase.dll+0x21bb2]
C  [KERNEL32.DLL+0x17374]
C  [ntdll.dll+0x4cc91]


---------------  P R O C E S S  ---------------

Threads class SMR info:
_java_thread_list=0x000002a72c290eb0, length=41, elements={
0x000002a7704f9730, 0x000002a77be248e0, 0x000002a77be25660, 0x000002a77be47060,
0x000002a77be47b20, 0x000002a77be4ab90, 0x000002a77be4c000, 0x000002a77be52960,
0x000002a77be53ab0, 0x000002a77be67320, 0x000002a77be0bd90, 0x000002a728256e70,
0x000002a729b33500, 0x000002a729ccd1d0, 0x000002a729957820, 0x000002a729bb9f50,
0x000002a729bc8270, 0x000002a729991110, 0x000002a7299ad910, 0x000002a729034b80,
0x000002a729035050, 0x000002a7290341e0, 0x000002a729033d10, 0x000002a7290346b0,
0x000002a72a190930, 0x000002a72a18b290, 0x000002a72a192610, 0x000002a72a18bc30,
0x000002a72a1912d0, 0x000002a72a18fac0, 0x000002a72a18adc0, 0x000002a72a18cf70,
0x000002a72a18f120, 0x000002a72a18c100, 0x000002a72ba7a560, 0x000002a72a18caa0,
0x000002a72a18ff90, 0x000002a72a190460, 0x000002a72a18d440, 0x000002a72a18d910,
0x000002a72a192140
}

Java Threads: ( => current thread )
  0x000002a7704f9730 JavaThread "main" [_thread_blocked, id=11692, stack(0x000000aa3db00000,0x000000aa3dc00000)]
  0x000002a77be248e0 JavaThread "Reference Handler" daemon [_thread_blocked, id=14940, stack(0x000000aa3e200000,0x000000aa3e300000)]
  0x000002a77be25660 JavaThread "Finalizer" daemon [_thread_blocked, id=10184, stack(0x000000aa3e300000,0x000000aa3e400000)]
  0x000002a77be47060 JavaThread "Signal Dispatcher" daemon [_thread_blocked, id=284, stack(0x000000aa3e400000,0x000000aa3e500000)]
  0x000002a77be47b20 JavaThread "Attach Listener" daemon [_thread_blocked, id=704, stack(0x000000aa3e500000,0x000000aa3e600000)]
  0x000002a77be4ab90 JavaThread "Service Thread" daemon [_thread_blocked, id=23624, stack(0x000000aa3e600000,0x000000aa3e700000)]
  0x000002a77be4c000 JavaThread "Monitor Deflation Thread" daemon [_thread_blocked, id=13836, stack(0x000000aa3e700000,0x000000aa3e800000)]
  0x000002a77be52960 JavaThread "C2 CompilerThread0" daemon [_thread_in_native, id=19020, stack(0x000000aa3e800000,0x000000aa3e900000)]
  0x000002a77be53ab0 JavaThread "C1 CompilerThread0" daemon [_thread_blocked, id=21956, stack(0x000000aa3e900000,0x000000aa3ea00000)]
  0x000002a77be67320 JavaThread "Sweeper thread" daemon [_thread_blocked, id=13080, stack(0x000000aa3ea00000,0x000000aa3eb00000)]
  0x000002a77be0bd90 JavaThread "Common-Cleaner" daemon [_thread_blocked, id=3968, stack(0x000000aa3eb00000,0x000000aa3ec00000)]
  0x000002a728256e70 JavaThread "Notification Thread" daemon [_thread_blocked, id=28240, stack(0x000000aa3ec00000,0x000000aa3ed00000)]
  0x000002a729b33500 JavaThread "Daemon health stats" [_thread_blocked, id=26948, stack(0x000000aa3ee00000,0x000000aa3ef00000)]
  0x000002a729ccd1d0 JavaThread "Incoming local TCP Connector on port 13066" [_thread_in_native, id=29968, stack(0x000000aa3f400000,0x000000aa3f500000)]
  0x000002a729957820 JavaThread "Daemon periodic checks" [_thread_blocked, id=7452, stack(0x000000aa3f500000,0x000000aa3f600000)]
  0x000002a729bb9f50 JavaThread "Daemon" [_thread_blocked, id=17200, stack(0x000000aa3f600000,0x000000aa3f700000)]
  0x000002a729bc8270 JavaThread "Handler for socket connection from /127.0.0.1:13066 to /127.0.0.1:13069" [_thread_in_native, id=3160, stack(0x000000aa3f700000,0x000000aa3f800000)]
  0x000002a729991110 JavaThread "Cancel handler" [_thread_blocked, id=24852, stack(0x000000aa3f800000,0x000000aa3f900000)]
  0x000002a7299ad910 JavaThread "Daemon worker" [_thread_in_Java, id=24192, stack(0x000000aa3f900000,0x000000aa3fa00000)]
  0x000002a729034b80 JavaThread "Asynchronous log dispatcher for DefaultDaemonConnection: socket connection from /127.0.0.1:13066 to /127.0.0.1:13069" [_thread_blocked, id=15252, stack(0x000000aa3fa00000,0x000000aa3fb00000)]
  0x000002a729035050 JavaThread "Stdin handler" [_thread_blocked, id=3828, stack(0x000000aa3fb00000,0x000000aa3fc00000)]
  0x000002a7290341e0 JavaThread "Daemon client event forwarder" [_thread_blocked, id=24336, stack(0x000000aa3fc00000,0x000000aa3fd00000)]
  0x000002a729033d10 JavaThread "Cache worker for journal cache (C:\Users\hyoje\.gradle\caches\journal-1)" [_thread_blocked, id=23572, stack(0x000000aa3fd00000,0x000000aa3fe00000)]
  0x000002a7290346b0 JavaThread "File lock request listener" [_thread_in_native, id=15956, stack(0x000000aa3fe00000,0x000000aa3ff00000)]
  0x000002a72a190930 JavaThread "Cache worker for file hash cache (C:\Users\hyoje\.gradle\caches\8.8\fileHashes)" [_thread_blocked, id=9852, stack(0x000000aa3ff00000,0x000000aa40000000)]
  0x000002a72a18b290 JavaThread "Cache worker for file hash cache (C:\Users\hyoje\IdeaProjects\tikicktaka-server\.gradle\8.8\fileHashes)" [_thread_blocked, id=24636, stack(0x000000aa40100000,0x000000aa40200000)]
  0x000002a72a192610 JavaThread "File watcher server" daemon [_thread_in_native, id=29756, stack(0x000000aa40000000,0x000000aa40100000)]
  0x000002a72a18bc30 JavaThread "File watcher consumer" daemon [_thread_blocked, id=2948, stack(0x000000aa40400000,0x000000aa40500000)]
  0x000002a72a1912d0 JavaThread "Cache worker for checksums cache (C:\Users\hyoje\IdeaProjects\tikicktaka-server\.gradle\8.8\checksums)" [_thread_blocked, id=29864, stack(0x000000aa40600000,0x000000aa40700000)]
  0x000002a72a18fac0 JavaThread "Cache worker for file content cache (C:\Users\hyoje\.gradle\caches\8.8\fileContent)" [_thread_blocked, id=9408, stack(0x000000aa40700000,0x000000aa40800000)]
  0x000002a72a18adc0 JavaThread "Cache worker for cache directory md-rule (C:\Users\hyoje\.gradle\caches\8.8\md-rule)" [_thread_blocked, id=12688, stack(0x000000aa40900000,0x000000aa40a00000)]
  0x000002a72a18cf70 JavaThread "Cache worker for cache directory md-supplier (C:\Users\hyoje\.gradle\caches\8.8\md-supplier)" [_thread_blocked, id=23224, stack(0x000000aa40a00000,0x000000aa40b00000)]
  0x000002a72a18f120 JavaThread "jar transforms" [_thread_blocked, id=10428, stack(0x000000aa40b00000,0x000000aa40c00000)]
  0x000002a72a18c100 JavaThread "jar transforms Thread 2" [_thread_blocked, id=24596, stack(0x000000aa40c00000,0x000000aa40d00000)]
=>0x000002a72ba7a560 JavaThread "C2 CompilerThread1" daemon [_thread_in_native, id=16028, stack(0x000000aa40800000,0x000000aa40900000)]
  0x000002a72a18caa0 JavaThread "jar transforms Thread 3" [_thread_blocked, id=27736, stack(0x000000aa40d00000,0x000000aa40e00000)]
  0x000002a72a18ff90 JavaThread "jar transforms Thread 4" [_thread_blocked, id=18292, stack(0x000000aa40e00000,0x000000aa40f00000)]
  0x000002a72a190460 JavaThread "jar transforms Thread 5" [_thread_blocked, id=29076, stack(0x000000aa40f00000,0x000000aa41000000)]
  0x000002a72a18d440 JavaThread "jar transforms Thread 6" [_thread_blocked, id=25084, stack(0x000000aa41000000,0x000000aa41100000)]
  0x000002a72a18d910 JavaThread "jar transforms Thread 7" [_thread_blocked, id=2100, stack(0x000000aa41100000,0x000000aa41200000)]
  0x000002a72a192140 JavaThread "jar transforms Thread 8" [_thread_blocked, id=4424, stack(0x000000aa41200000,0x000000aa41300000)]

Other Threads:
  0x000002a77be1e970 VMThread "VM Thread" [stack: 0x000000aa3e100000,0x000000aa3e200000] [id=13292]
  0x000002a7282e4c40 WatcherThread [stack: 0x000000aa3ed00000,0x000000aa3ee00000] [id=20952]
  0x000002a7705274b0 GCTaskThread "GC Thread#0" [stack: 0x000000aa3dc00000,0x000000aa3dd00000] [id=28440]
  0x000002a728c541d0 GCTaskThread "GC Thread#1" [stack: 0x000000aa3ef00000,0x000000aa3f000000] [id=21292]
  0x000002a728c54480 GCTaskThread "GC Thread#2" [stack: 0x000000aa3f000000,0x000000aa3f100000] [id=17708]
  0x000002a728515b00 GCTaskThread "GC Thread#3" [stack: 0x000000aa3f100000,0x000000aa3f200000] [id=13152]
  0x000002a728a65f00 GCTaskThread "GC Thread#4" [stack: 0x000000aa3f200000,0x000000aa3f300000] [id=4860]
  0x000002a728a93be0 GCTaskThread "GC Thread#5" [stack: 0x000000aa3f300000,0x000000aa3f400000] [id=13676]
  0x000002a72a0ed8b0 GCTaskThread "GC Thread#6" [stack: 0x000000aa40200000,0x000000aa40300000] [id=4112]
  0x000002a72b6e8330 GCTaskThread "GC Thread#7" [stack: 0x000000aa40300000,0x000000aa40400000] [id=4996]
  0x000002a77052d310 ConcurrentGCThread "G1 Main Marker" [stack: 0x000000aa3dd00000,0x000000aa3de00000] [id=10044]
  0x000002a77052dc30 ConcurrentGCThread "G1 Conc#0" [stack: 0x000000aa3de00000,0x000000aa3df00000] [id=29952]
  0x000002a72b6e75c0 ConcurrentGCThread "G1 Conc#1" [stack: 0x000000aa40500000,0x000000aa40600000] [id=4224]
  0x000002a7705cd560 ConcurrentGCThread "G1 Refine#0" [stack: 0x000000aa3df00000,0x000000aa3e000000] [id=25708]
  0x000002a7705cde90 ConcurrentGCThread "G1 Service" [stack: 0x000000aa3e000000,0x000000aa3e100000] [id=22780]

Threads with active compile tasks:
C2 CompilerThread0    11473 3992       4       org.codehaus.groovy.runtime.metaclass.MetaMethodIndex::addMethodToList (128 bytes)
C2 CompilerThread1    11474 4066       4       groovy.lang.MetaClassImpl$1MOPIter::methodNameAction (325 bytes)

VM state: not at safepoint (normal execution)

VM Mutex/Monitor currently owned by a thread: None

Heap address: 0x00000000e0000000, size: 512 MB, Compressed Oops mode: 32-bit

CDS archive(s) mapped at: [0x000002a70f000000-0x000002a70fbd0000-0x000002a70fbd0000), size 12386304, SharedBaseAddress: 0x000002a70f000000, ArchiveRelocationMode: 1.
Compressed class space mapped at: 0x000002a710000000-0x000002a724000000, reserved size: 335544320
Narrow klass base: 0x000002a70f000000, Narrow klass shift: 0, Narrow klass range: 0x100000000

GC Precious Log:
 CPUs: 8 total, 8 available
 Memory: 8029M
 Large Page Support: Disabled
 NUMA Support: Disabled
 Compressed Oops: Enabled (32-bit)
 Heap Region Size: 1M
 Heap Min Capacity: 256M
 Heap Initial Capacity: 256M
 Heap Max Capacity: 512M
 Pre-touch: Disabled
 Parallel Workers: 8
 Concurrent Workers: 2
 Concurrent Refinement Workers: 8
 Periodic GC: Disabled

Heap:
 garbage-first heap   total 262144K, used 142644K [0x00000000e0000000, 0x0000000100000000)
  region size 1024K, 114 young (116736K), 2 survivors (2048K)
 Metaspace       used 35019K, committed 35392K, reserved 393216K
  class space    used 4861K, committed 5056K, reserved 327680K

Heap Regions: E=young(eden), S=young(survivor), O=old, HS=humongous(starts), HC=humongous(continues), CS=collection set, F=free, OA=open archive, CA=closed archive, TAMS=top-at-mark-start (previous, next)
|   0|0x00000000e0000000, 0x00000000e0100000, 0x00000000e0100000|100%|HS|  |TAMS 0x00000000e0100000, 0x00000000e0000000| Complete 
|   1|0x00000000e0100000, 0x00000000e0200000, 0x00000000e0200000|100%|HC|  |TAMS 0x00000000e0200000, 0x00000000e0100000| Complete 
|   2|0x00000000e0200000, 0x00000000e0300000, 0x00000000e0300000|100%|HC|  |TAMS 0x00000000e0300000, 0x00000000e0200000| Complete 
|   3|0x00000000e0300000, 0x00000000e0400000, 0x00000000e0400000|100%|HC|  |TAMS 0x00000000e0400000, 0x00000000e0300000| Complete 
|   4|0x00000000e0400000, 0x00000000e0500000, 0x00000000e0500000|100%| O|  |TAMS 0x00000000e0500000, 0x00000000e0400000| Untracked 
|   5|0x00000000e0500000, 0x00000000e0600000, 0x00000000e0600000|100%| O|  |TAMS 0x00000000e0600000, 0x00000000e0500000| Untracked 
|   6|0x00000000e0600000, 0x00000000e0700000, 0x00000000e0700000|100%| O|  |TAMS 0x00000000e0700000, 0x00000000e0600000| Untracked 
|   7|0x00000000e0700000, 0x00000000e0800000, 0x00000000e0800000|100%| O|  |TAMS 0x00000000e0800000, 0x00000000e0700000| Untracked 
|   8|0x00000000e0800000, 0x00000000e0900000, 0x00000000e0900000|100%| O|  |TAMS 0x00000000e0900000, 0x00000000e0800000| Untracked 
|   9|0x00000000e0900000, 0x00000000e0a00000, 0x00000000e0a00000|100%| O|  |TAMS 0x00000000e0a00000, 0x00000000e0900000| Untracked 
|  10|0x00000000e0a00000, 0x00000000e0b00000, 0x00000000e0b00000|100%| O|  |TAMS 0x00000000e0ae7000, 0x00000000e0a00000| Untracked 
|  11|0x00000000e0b00000, 0x00000000e0c00000, 0x00000000e0c00000|100%|HS|  |TAMS 0x00000000e0c00000, 0x00000000e0b00000| Complete 
|  12|0x00000000e0c00000, 0x00000000e0d00000, 0x00000000e0d00000|100%| O|  |TAMS 0x00000000e0c00000, 0x00000000e0c00000| Untracked 
|  13|0x00000000e0d00000, 0x00000000e0e00000, 0x00000000e0e00000|100%| O|  |TAMS 0x00000000e0d00000, 0x00000000e0d00000| Untracked 
|  14|0x00000000e0e00000, 0x00000000e0f00000, 0x00000000e0f00000|100%| O|  |TAMS 0x00000000e0e00000, 0x00000000e0e00000| Untracked 
|  15|0x00000000e0f00000, 0x00000000e1000000, 0x00000000e1000000|100%| O|  |TAMS 0x00000000e0f00000, 0x00000000e0f00000| Untracked 
|  16|0x00000000e1000000, 0x00000000e1100000, 0x00000000e1100000|100%| O|  |TAMS 0x00000000e1000000, 0x00000000e1000000| Untracked 
|  17|0x00000000e1100000, 0x00000000e1200000, 0x00000000e1200000|100%| O|  |TAMS 0x00000000e1100000, 0x00000000e1100000| Untracked 
|  18|0x00000000e1200000, 0x00000000e1300000, 0x00000000e1300000|100%| O|  |TAMS 0x00000000e1200000, 0x00000000e1200000| Untracked 
|  19|0x00000000e1300000, 0x00000000e1400000, 0x00000000e1400000|100%| O|  |TAMS 0x00000000e1300000, 0x00000000e1300000| Untracked 
|  20|0x00000000e1400000, 0x00000000e1500000, 0x00000000e1500000|100%| O|  |TAMS 0x00000000e1400000, 0x00000000e1400000| Untracked 
|  21|0x00000000e1500000, 0x00000000e1600000, 0x00000000e1600000|100%| O|  |TAMS 0x00000000e1500000, 0x00000000e1500000| Untracked 
|  22|0x00000000e1600000, 0x00000000e1700000, 0x00000000e1700000|100%| O|  |TAMS 0x00000000e1600000, 0x00000000e1600000| Untracked 
|  23|0x00000000e1700000, 0x00000000e1721e00, 0x00000000e1800000| 13%| O|  |TAMS 0x00000000e1700000, 0x00000000e1700000| Untracked 
|  24|0x00000000e1800000, 0x00000000e1900000, 0x00000000e1900000|100%|HS|  |TAMS 0x00000000e1800000, 0x00000000e1800000| Complete 
|  25|0x00000000e1900000, 0x00000000e1a00000, 0x00000000e1a00000|100%|HS|  |TAMS 0x00000000e1900000, 0x00000000e1900000| Complete 
|  26|0x00000000e1a00000, 0x00000000e1b00000, 0x00000000e1b00000|100%|HC|  |TAMS 0x00000000e1a00000, 0x00000000e1a00000| Complete 
|  27|0x00000000e1b00000, 0x00000000e1c00000, 0x00000000e1c00000|100%|HS|  |TAMS 0x00000000e1b00000, 0x00000000e1b00000| Complete 
|  28|0x00000000e1c00000, 0x00000000e1d00000, 0x00000000e1d00000|100%|HC|  |TAMS 0x00000000e1c00000, 0x00000000e1c00000| Complete 
|  29|0x00000000e1d00000, 0x00000000e1d00000, 0x00000000e1e00000|  0%| F|  |TAMS 0x00000000e1d00000, 0x00000000e1d00000| Untracked 
|  30|0x00000000e1e00000, 0x00000000e1e00000, 0x00000000e1f00000|  0%| F|  |TAMS 0x00000000e1e00000, 0x00000000e1e00000| Untracked 
|  31|0x00000000e1f00000, 0x00000000e1f00000, 0x00000000e2000000|  0%| F|  |TAMS 0x00000000e1f00000, 0x00000000e1f00000| Untracked 
|  32|0x00000000e2000000, 0x00000000e2000000, 0x00000000e2100000|  0%| F|  |TAMS 0x00000000e2000000, 0x00000000e2000000| Untracked 
|  33|0x00000000e2100000, 0x00000000e2100000, 0x00000000e2200000|  0%| F|  |TAMS 0x00000000e2100000, 0x00000000e2100000| Untracked 
|  34|0x00000000e2200000, 0x00000000e2200000, 0x00000000e2300000|  0%| F|  |TAMS 0x00000000e2200000, 0x00000000e2200000| Untracked 
|  35|0x00000000e2300000, 0x00000000e2300000, 0x00000000e2400000|  0%| F|  |TAMS 0x00000000e2300000, 0x00000000e2300000| Untracked 
|  36|0x00000000e2400000, 0x00000000e2400000, 0x00000000e2500000|  0%| F|  |TAMS 0x00000000e2400000, 0x00000000e2400000| Untracked 
|  37|0x00000000e2500000, 0x00000000e2500000, 0x00000000e2600000|  0%| F|  |TAMS 0x00000000e2500000, 0x00000000e2500000| Untracked 
|  38|0x00000000e2600000, 0x00000000e2600000, 0x00000000e2700000|  0%| F|  |TAMS 0x00000000e2600000, 0x00000000e2600000| Untracked 
|  39|0x00000000e2700000, 0x00000000e2700000, 0x00000000e2800000|  0%| F|  |TAMS 0x00000000e2700000, 0x00000000e2700000| Untracked 
|  40|0x00000000e2800000, 0x00000000e2800000, 0x00000000e2900000|  0%| F|  |TAMS 0x00000000e2800000, 0x00000000e2800000| Untracked 
|  41|0x00000000e2900000, 0x00000000e2900000, 0x00000000e2a00000|  0%| F|  |TAMS 0x00000000e2900000, 0x00000000e2900000| Untracked 
|  42|0x00000000e2a00000, 0x00000000e2a00000, 0x00000000e2b00000|  0%| F|  |TAMS 0x00000000e2a00000, 0x00000000e2a00000| Untracked 
|  43|0x00000000e2b00000, 0x00000000e2b00000, 0x00000000e2c00000|  0%| F|  |TAMS 0x00000000e2b00000, 0x00000000e2b00000| Untracked 
|  44|0x00000000e2c00000, 0x00000000e2c00000, 0x00000000e2d00000|  0%| F|  |TAMS 0x00000000e2c00000, 0x00000000e2c00000| Untracked 
|  45|0x00000000e2d00000, 0x00000000e2d00000, 0x00000000e2e00000|  0%| F|  |TAMS 0x00000000e2d00000, 0x00000000e2d00000| Untracked 
|  46|0x00000000e2e00000, 0x00000000e2e00000, 0x00000000e2f00000|  0%| F|  |TAMS 0x00000000e2e00000, 0x00000000e2e00000| Untracked 
|  47|0x00000000e2f00000, 0x00000000e2f00000, 0x00000000e3000000|  0%| F|  |TAMS 0x00000000e2f00000, 0x00000000e2f00000| Untracked 
|  48|0x00000000e3000000, 0x00000000e3000000, 0x00000000e3100000|  0%| F|  |TAMS 0x00000000e3000000, 0x00000000e3000000| Untracked 
|  49|0x00000000e3100000, 0x00000000e3100000, 0x00000000e3200000|  0%| F|  |TAMS 0x00000000e3100000, 0x00000000e3100000| Untracked 
|  50|0x00000000e3200000, 0x00000000e3200000, 0x00000000e3300000|  0%| F|  |TAMS 0x00000000e3200000, 0x00000000e3200000| Untracked 
|  51|0x00000000e3300000, 0x00000000e3300000, 0x00000000e3400000|  0%| F|  |TAMS 0x00000000e3300000, 0x00000000e3300000| Untracked 
|  52|0x00000000e3400000, 0x00000000e3400000, 0x00000000e3500000|  0%| F|  |TAMS 0x00000000e3400000, 0x00000000e3400000| Untracked 
|  53|0x00000000e3500000, 0x00000000e3500000, 0x00000000e3600000|  0%| F|  |TAMS 0x00000000e3500000, 0x00000000e3500000| Untracked 
|  54|0x00000000e3600000, 0x00000000e3600000, 0x00000000e3700000|  0%| F|  |TAMS 0x00000000e3600000, 0x00000000e3600000| Untracked 
|  55|0x00000000e3700000, 0x00000000e3700000, 0x00000000e3800000|  0%| F|  |TAMS 0x00000000e3700000, 0x00000000e3700000| Untracked 
|  56|0x00000000e3800000, 0x00000000e3800000, 0x00000000e3900000|  0%| F|  |TAMS 0x00000000e3800000, 0x00000000e3800000| Untracked 
|  57|0x00000000e3900000, 0x00000000e3900000, 0x00000000e3a00000|  0%| F|  |TAMS 0x00000000e3900000, 0x00000000e3900000| Untracked 
|  58|0x00000000e3a00000, 0x00000000e3a00000, 0x00000000e3b00000|  0%| F|  |TAMS 0x00000000e3a00000, 0x00000000e3a00000| Untracked 
|  59|0x00000000e3b00000, 0x00000000e3b00000, 0x00000000e3c00000|  0%| F|  |TAMS 0x00000000e3b00000, 0x00000000e3b00000| Untracked 
|  60|0x00000000e3c00000, 0x00000000e3c00000, 0x00000000e3d00000|  0%| F|  |TAMS 0x00000000e3c00000, 0x00000000e3c00000| Untracked 
|  61|0x00000000e3d00000, 0x00000000e3d00000, 0x00000000e3e00000|  0%| F|  |TAMS 0x00000000e3d00000, 0x00000000e3d00000| Untracked 
|  62|0x00000000e3e00000, 0x00000000e3e00000, 0x00000000e3f00000|  0%| F|  |TAMS 0x00000000e3e00000, 0x00000000e3e00000| Untracked 
|  63|0x00000000e3f00000, 0x00000000e3f00000, 0x00000000e4000000|  0%| F|  |TAMS 0x00000000e3f00000, 0x00000000e3f00000| Untracked 
|  64|0x00000000e4000000, 0x00000000e4000000, 0x00000000e4100000|  0%| F|  |TAMS 0x00000000e4000000, 0x00000000e4000000| Untracked 
|  65|0x00000000e4100000, 0x00000000e4100000, 0x00000000e4200000|  0%| F|  |TAMS 0x00000000e4100000, 0x00000000e4100000| Untracked 
|  66|0x00000000e4200000, 0x00000000e4200000, 0x00000000e4300000|  0%| F|  |TAMS 0x00000000e4200000, 0x00000000e4200000| Untracked 
|  67|0x00000000e4300000, 0x00000000e4300000, 0x00000000e4400000|  0%| F|  |TAMS 0x00000000e4300000, 0x00000000e4300000| Untracked 
|  68|0x00000000e4400000, 0x00000000e4400000, 0x00000000e4500000|  0%| F|  |TAMS 0x00000000e4400000, 0x00000000e4400000| Untracked 
|  69|0x00000000e4500000, 0x00000000e4500000, 0x00000000e4600000|  0%| F|  |TAMS 0x00000000e4500000, 0x00000000e4500000| Untracked 
|  70|0x00000000e4600000, 0x00000000e4600000, 0x00000000e4700000|  0%| F|  |TAMS 0x00000000e4600000, 0x00000000e4600000| Untracked 
|  71|0x00000000e4700000, 0x00000000e4700000, 0x00000000e4800000|  0%| F|  |TAMS 0x00000000e4700000, 0x00000000e4700000| Untracked 
|  72|0x00000000e4800000, 0x00000000e4800000, 0x00000000e4900000|  0%| F|  |TAMS 0x00000000e4800000, 0x00000000e4800000| Untracked 
|  73|0x00000000e4900000, 0x00000000e4900000, 0x00000000e4a00000|  0%| F|  |TAMS 0x00000000e4900000, 0x00000000e4900000| Untracked 
|  74|0x00000000e4a00000, 0x00000000e4a00000, 0x00000000e4b00000|  0%| F|  |TAMS 0x00000000e4a00000, 0x00000000e4a00000| Untracked 
|  75|0x00000000e4b00000, 0x00000000e4b00000, 0x00000000e4c00000|  0%| F|  |TAMS 0x00000000e4b00000, 0x00000000e4b00000| Untracked 
|  76|0x00000000e4c00000, 0x00000000e4c00000, 0x00000000e4d00000|  0%| F|  |TAMS 0x00000000e4c00000, 0x00000000e4c00000| Untracked 
|  77|0x00000000e4d00000, 0x00000000e4d00000, 0x00000000e4e00000|  0%| F|  |TAMS 0x00000000e4d00000, 0x00000000e4d00000| Untracked 
|  78|0x00000000e4e00000, 0x00000000e4e00000, 0x00000000e4f00000|  0%| F|  |TAMS 0x00000000e4e00000, 0x00000000e4e00000| Untracked 
|  79|0x00000000e4f00000, 0x00000000e4f00000, 0x00000000e5000000|  0%| F|  |TAMS 0x00000000e4f00000, 0x00000000e4f00000| Untracked 
|  80|0x00000000e5000000, 0x00000000e5000000, 0x00000000e5100000|  0%| F|  |TAMS 0x00000000e5000000, 0x00000000e5000000| Untracked 
|  81|0x00000000e5100000, 0x00000000e5100000, 0x00000000e5200000|  0%| F|  |TAMS 0x00000000e5100000, 0x00000000e5100000| Untracked 
|  82|0x00000000e5200000, 0x00000000e5200000, 0x00000000e5300000|  0%| F|  |TAMS 0x00000000e5200000, 0x00000000e5200000| Untracked 
|  83|0x00000000e5300000, 0x00000000e5300000, 0x00000000e5400000|  0%| F|  |TAMS 0x00000000e5300000, 0x00000000e5300000| Untracked 
|  84|0x00000000e5400000, 0x00000000e5400000, 0x00000000e5500000|  0%| F|  |TAMS 0x00000000e5400000, 0x00000000e5400000| Untracked 
|  85|0x00000000e5500000, 0x00000000e5500000, 0x00000000e5600000|  0%| F|  |TAMS 0x00000000e5500000, 0x00000000e5500000| Untracked 
|  86|0x00000000e5600000, 0x00000000e5600000, 0x00000000e5700000|  0%| F|  |TAMS 0x00000000e5600000, 0x00000000e5600000| Untracked 
|  87|0x00000000e5700000, 0x00000000e5700000, 0x00000000e5800000|  0%| F|  |TAMS 0x00000000e5700000, 0x00000000e5700000| Untracked 
|  88|0x00000000e5800000, 0x00000000e5800000, 0x00000000e5900000|  0%| F|  |TAMS 0x00000000e5800000, 0x00000000e5800000| Untracked 
|  89|0x00000000e5900000, 0x00000000e5900000, 0x00000000e5a00000|  0%| F|  |TAMS 0x00000000e5900000, 0x00000000e5900000| Untracked 
|  90|0x00000000e5a00000, 0x00000000e5a00000, 0x00000000e5b00000|  0%| F|  |TAMS 0x00000000e5a00000, 0x00000000e5a00000| Untracked 
|  91|0x00000000e5b00000, 0x00000000e5b00000, 0x00000000e5c00000|  0%| F|  |TAMS 0x00000000e5b00000, 0x00000000e5b00000| Untracked 
|  92|0x00000000e5c00000, 0x00000000e5c00000, 0x00000000e5d00000|  0%| F|  |TAMS 0x00000000e5c00000, 0x00000000e5c00000| Untracked 
|  93|0x00000000e5d00000, 0x00000000e5d00000, 0x00000000e5e00000|  0%| F|  |TAMS 0x00000000e5d00000, 0x00000000e5d00000| Untracked 
|  94|0x00000000e5e00000, 0x00000000e5e00000, 0x00000000e5f00000|  0%| F|  |TAMS 0x00000000e5e00000, 0x00000000e5e00000| Untracked 
|  95|0x00000000e5f00000, 0x00000000e5f00000, 0x00000000e6000000|  0%| F|  |TAMS 0x00000000e5f00000, 0x00000000e5f00000| Untracked 
|  96|0x00000000e6000000, 0x00000000e6000000, 0x00000000e6100000|  0%| F|  |TAMS 0x00000000e6000000, 0x00000000e6000000| Untracked 
|  97|0x00000000e6100000, 0x00000000e6100000, 0x00000000e6200000|  0%| F|  |TAMS 0x00000000e6100000, 0x00000000e6100000| Untracked 
|  98|0x00000000e6200000, 0x00000000e6200000, 0x00000000e6300000|  0%| F|  |TAMS 0x00000000e6200000, 0x00000000e6200000| Untracked 
|  99|0x00000000e6300000, 0x00000000e6300000, 0x00000000e6400000|  0%| F|  |TAMS 0x00000000e6300000, 0x00000000e6300000| Untracked 
| 100|0x00000000e6400000, 0x00000000e6400000, 0x00000000e6500000|  0%| F|  |TAMS 0x00000000e6400000, 0x00000000e6400000| Untracked 
| 101|0x00000000e6500000, 0x00000000e6500000, 0x00000000e6600000|  0%| F|  |TAMS 0x00000000e6500000, 0x00000000e6500000| Untracked 
| 102|0x00000000e6600000, 0x00000000e6600000, 0x00000000e6700000|  0%| F|  |TAMS 0x00000000e6600000, 0x00000000e6600000| Untracked 
| 103|0x00000000e6700000, 0x00000000e6700000, 0x00000000e6800000|  0%| F|  |TAMS 0x00000000e6700000, 0x00000000e6700000| Untracked 
| 104|0x00000000e6800000, 0x00000000e6800000, 0x00000000e6900000|  0%| F|  |TAMS 0x00000000e6800000, 0x00000000e6800000| Untracked 
| 105|0x00000000e6900000, 0x00000000e6900000, 0x00000000e6a00000|  0%| F|  |TAMS 0x00000000e6900000, 0x00000000e6900000| Untracked 
| 106|0x00000000e6a00000, 0x00000000e6a00000, 0x00000000e6b00000|  0%| F|  |TAMS 0x00000000e6a00000, 0x00000000e6a00000| Untracked 
| 107|0x00000000e6b00000, 0x00000000e6b00000, 0x00000000e6c00000|  0%| F|  |TAMS 0x00000000e6b00000, 0x00000000e6b00000| Untracked 
| 108|0x00000000e6c00000, 0x00000000e6c00000, 0x00000000e6d00000|  0%| F|  |TAMS 0x00000000e6c00000, 0x00000000e6c00000| Untracked 
| 109|0x00000000e6d00000, 0x00000000e6d00000, 0x00000000e6e00000|  0%| F|  |TAMS 0x00000000e6d00000, 0x00000000e6d00000| Untracked 
| 110|0x00000000e6e00000, 0x00000000e6e00000, 0x00000000e6f00000|  0%| F|  |TAMS 0x00000000e6e00000, 0x00000000e6e00000| Untracked 
| 111|0x00000000e6f00000, 0x00000000e6f00000, 0x00000000e7000000|  0%| F|  |TAMS 0x00000000e6f00000, 0x00000000e6f00000| Untracked 
| 112|0x00000000e7000000, 0x00000000e7000000, 0x00000000e7100000|  0%| F|  |TAMS 0x00000000e7000000, 0x00000000e7000000| Untracked 
| 113|0x00000000e7100000, 0x00000000e7100000, 0x00000000e7200000|  0%| F|  |TAMS 0x00000000e7100000, 0x00000000e7100000| Untracked 
| 114|0x00000000e7200000, 0x00000000e7200000, 0x00000000e7300000|  0%| F|  |TAMS 0x00000000e7200000, 0x00000000e7200000| Untracked 
| 115|0x00000000e7300000, 0x00000000e7300000, 0x00000000e7400000|  0%| F|  |TAMS 0x00000000e7300000, 0x00000000e7300000| Untracked 
| 116|0x00000000e7400000, 0x00000000e7400000, 0x00000000e7500000|  0%| F|  |TAMS 0x00000000e7400000, 0x00000000e7400000| Untracked 
| 117|0x00000000e7500000, 0x00000000e7500000, 0x00000000e7600000|  0%| F|  |TAMS 0x00000000e7500000, 0x00000000e7500000| Untracked 
| 118|0x00000000e7600000, 0x00000000e7600000, 0x00000000e7700000|  0%| F|  |TAMS 0x00000000e7600000, 0x00000000e7600000| Untracked 
| 119|0x00000000e7700000, 0x00000000e7700000, 0x00000000e7800000|  0%| F|  |TAMS 0x00000000e7700000, 0x00000000e7700000| Untracked 
| 120|0x00000000e7800000, 0x00000000e7800000, 0x00000000e7900000|  0%| F|  |TAMS 0x00000000e7800000, 0x00000000e7800000| Untracked 
| 121|0x00000000e7900000, 0x00000000e7900000, 0x00000000e7a00000|  0%| F|  |TAMS 0x00000000e7900000, 0x00000000e7900000| Untracked 
| 122|0x00000000e7a00000, 0x00000000e7a00000, 0x00000000e7b00000|  0%| F|  |TAMS 0x00000000e7a00000, 0x00000000e7a00000| Untracked 
| 123|0x00000000e7b00000, 0x00000000e7b00000, 0x00000000e7c00000|  0%| F|  |TAMS 0x00000000e7b00000, 0x00000000e7b00000| Untracked 
| 124|0x00000000e7c00000, 0x00000000e7c00000, 0x00000000e7d00000|  0%| F|  |TAMS 0x00000000e7c00000, 0x00000000e7c00000| Untracked 
| 125|0x00000000e7d00000, 0x00000000e7d00000, 0x00000000e7e00000|  0%| F|  |TAMS 0x00000000e7d00000, 0x00000000e7d00000| Untracked 
| 126|0x00000000e7e00000, 0x00000000e7e00000, 0x00000000e7f00000|  0%| F|  |TAMS 0x00000000e7e00000, 0x00000000e7e00000| Untracked 
| 127|0x00000000e7f00000, 0x00000000e7f00000, 0x00000000e8000000|  0%| F|  |TAMS 0x00000000e7f00000, 0x00000000e7f00000| Untracked 
| 128|0x00000000e8000000, 0x00000000e8000000, 0x00000000e8100000|  0%| F|  |TAMS 0x00000000e8000000, 0x00000000e8000000| Untracked 
| 129|0x00000000e8100000, 0x00000000e8100000, 0x00000000e8200000|  0%| F|  |TAMS 0x00000000e8100000, 0x00000000e8100000| Untracked 
| 130|0x00000000e8200000, 0x00000000e8200000, 0x00000000e8300000|  0%| F|  |TAMS 0x00000000e8200000, 0x00000000e8200000| Untracked 
| 131|0x00000000e8300000, 0x00000000e8300000, 0x00000000e8400000|  0%| F|  |TAMS 0x00000000e8300000, 0x00000000e8300000| Untracked 
| 132|0x00000000e8400000, 0x00000000e8400000, 0x00000000e8500000|  0%| F|  |TAMS 0x00000000e8400000, 0x00000000e8400000| Untracked 
| 133|0x00000000e8500000, 0x00000000e8500000, 0x00000000e8600000|  0%| F|  |TAMS 0x00000000e8500000, 0x00000000e8500000| Untracked 
| 134|0x00000000e8600000, 0x00000000e8600000, 0x00000000e8700000|  0%| F|  |TAMS 0x00000000e8600000, 0x00000000e8600000| Untracked 
| 135|0x00000000e8700000, 0x00000000e8700000, 0x00000000e8800000|  0%| F|  |TAMS 0x00000000e8700000, 0x00000000e8700000| Untracked 
| 136|0x00000000e8800000, 0x00000000e8800000, 0x00000000e8900000|  0%| F|  |TAMS 0x00000000e8800000, 0x00000000e8800000| Untracked 
| 137|0x00000000e8900000, 0x00000000e8900000, 0x00000000e8a00000|  0%| F|  |TAMS 0x00000000e8900000, 0x00000000e8900000| Untracked 
| 138|0x00000000e8a00000, 0x00000000e8a00000, 0x00000000e8b00000|  0%| F|  |TAMS 0x00000000e8a00000, 0x00000000e8a00000| Untracked 
| 139|0x00000000e8b00000, 0x00000000e8b00000, 0x00000000e8c00000|  0%| F|  |TAMS 0x00000000e8b00000, 0x00000000e8b00000| Untracked 
| 140|0x00000000e8c00000, 0x00000000e8c00000, 0x00000000e8d00000|  0%| F|  |TAMS 0x00000000e8c00000, 0x00000000e8c00000| Untracked 
| 141|0x00000000e8d00000, 0x00000000e8d81600, 0x00000000e8e00000| 50%| E|  |TAMS 0x00000000e8d00000, 0x00000000e8d00000| Complete 
| 142|0x00000000e8e00000, 0x00000000e8f00000, 0x00000000e8f00000|100%| E|CS|TAMS 0x00000000e8e00000, 0x00000000e8e00000| Complete 
| 143|0x00000000e8f00000, 0x00000000e9000000, 0x00000000e9000000|100%| E|CS|TAMS 0x00000000e8f00000, 0x00000000e8f00000| Complete 
| 144|0x00000000e9000000, 0x00000000e9100000, 0x00000000e9100000|100%| E|CS|TAMS 0x00000000e9000000, 0x00000000e9000000| Complete 
| 145|0x00000000e9100000, 0x00000000e9200000, 0x00000000e9200000|100%| E|CS|TAMS 0x00000000e9100000, 0x00000000e9100000| Complete 
| 146|0x00000000e9200000, 0x00000000e9300000, 0x00000000e9300000|100%| E|CS|TAMS 0x00000000e9200000, 0x00000000e9200000| Complete 
| 147|0x00000000e9300000, 0x00000000e9400000, 0x00000000e9400000|100%| E|CS|TAMS 0x00000000e9300000, 0x00000000e9300000| Complete 
| 148|0x00000000e9400000, 0x00000000e9500000, 0x00000000e9500000|100%| E|CS|TAMS 0x00000000e9400000, 0x00000000e9400000| Complete 
| 149|0x00000000e9500000, 0x00000000e9600000, 0x00000000e9600000|100%| E|CS|TAMS 0x00000000e9500000, 0x00000000e9500000| Complete 
| 150|0x00000000e9600000, 0x00000000e9700000, 0x00000000e9700000|100%| E|CS|TAMS 0x00000000e9600000, 0x00000000e9600000| Complete 
| 151|0x00000000e9700000, 0x00000000e9800000, 0x00000000e9800000|100%| E|CS|TAMS 0x00000000e9700000, 0x00000000e9700000| Complete 
| 152|0x00000000e9800000, 0x00000000e9900000, 0x00000000e9900000|100%| E|CS|TAMS 0x00000000e9800000, 0x00000000e9800000| Complete 
| 153|0x00000000e9900000, 0x00000000e9a00000, 0x00000000e9a00000|100%| E|CS|TAMS 0x00000000e9900000, 0x00000000e9900000| Complete 
| 154|0x00000000e9a00000, 0x00000000e9b00000, 0x00000000e9b00000|100%| E|CS|TAMS 0x00000000e9a00000, 0x00000000e9a00000| Complete 
| 155|0x00000000e9b00000, 0x00000000e9c00000, 0x00000000e9c00000|100%| E|CS|TAMS 0x00000000e9b00000, 0x00000000e9b00000| Complete 
| 156|0x00000000e9c00000, 0x00000000e9d00000, 0x00000000e9d00000|100%| E|CS|TAMS 0x00000000e9c00000, 0x00000000e9c00000| Complete 
| 157|0x00000000e9d00000, 0x00000000e9e00000, 0x00000000e9e00000|100%| E|  |TAMS 0x00000000e9d00000, 0x00000000e9d00000| Complete 
| 158|0x00000000e9e00000, 0x00000000e9f00000, 0x00000000e9f00000|100%| E|CS|TAMS 0x00000000e9e00000, 0x00000000e9e00000| Complete 
| 159|0x00000000e9f00000, 0x00000000ea000000, 0x00000000ea000000|100%| E|CS|TAMS 0x00000000e9f00000, 0x00000000e9f00000| Complete 
| 160|0x00000000ea000000, 0x00000000ea100000, 0x00000000ea100000|100%| E|CS|TAMS 0x00000000ea000000, 0x00000000ea000000| Complete 
| 161|0x00000000ea100000, 0x00000000ea200000, 0x00000000ea200000|100%| E|CS|TAMS 0x00000000ea100000, 0x00000000ea100000| Complete 
| 162|0x00000000ea200000, 0x00000000ea300000, 0x00000000ea300000|100%| E|CS|TAMS 0x00000000ea200000, 0x00000000ea200000| Complete 
| 163|0x00000000ea300000, 0x00000000ea400000, 0x00000000ea400000|100%| E|CS|TAMS 0x00000000ea300000, 0x00000000ea300000| Complete 
| 164|0x00000000ea400000, 0x00000000ea500000, 0x00000000ea500000|100%| E|CS|TAMS 0x00000000ea400000, 0x00000000ea400000| Complete 
| 165|0x00000000ea500000, 0x00000000ea600000, 0x00000000ea600000|100%| E|CS|TAMS 0x00000000ea500000, 0x00000000ea500000| Complete 
| 166|0x00000000ea600000, 0x00000000ea700000, 0x00000000ea700000|100%| E|CS|TAMS 0x00000000ea600000, 0x00000000ea600000| Complete 
| 167|0x00000000ea700000, 0x00000000ea800000, 0x00000000ea800000|100%| E|CS|TAMS 0x00000000ea700000, 0x00000000ea700000| Complete 
| 168|0x00000000ea800000, 0x00000000ea900000, 0x00000000ea900000|100%| E|CS|TAMS 0x00000000ea800000, 0x00000000ea800000| Complete 
| 169|0x00000000ea900000, 0x00000000eaa00000, 0x00000000eaa00000|100%| E|CS|TAMS 0x00000000ea900000, 0x00000000ea900000| Complete 
| 170|0x00000000eaa00000, 0x00000000eab00000, 0x00000000eab00000|100%| E|CS|TAMS 0x00000000eaa00000, 0x00000000eaa00000| Complete 
| 171|0x00000000eab00000, 0x00000000eac00000, 0x00000000eac00000|100%| E|CS|TAMS 0x00000000eab00000, 0x00000000eab00000| Complete 
| 172|0x00000000eac00000, 0x00000000ead00000, 0x00000000ead00000|100%| E|CS|TAMS 0x00000000eac00000, 0x00000000eac00000| Complete 
| 173|0x00000000ead00000, 0x00000000eae00000, 0x00000000eae00000|100%| E|CS|TAMS 0x00000000ead00000, 0x00000000ead00000| Complete 
| 174|0x00000000eae00000, 0x00000000eaf00000, 0x00000000eaf00000|100%| E|CS|TAMS 0x00000000eae00000, 0x00000000eae00000| Complete 
| 175|0x00000000eaf00000, 0x00000000eb000000, 0x00000000eb000000|100%| E|CS|TAMS 0x00000000eaf00000, 0x00000000eaf00000| Complete 
| 176|0x00000000eb000000, 0x00000000eb100000, 0x00000000eb100000|100%| E|CS|TAMS 0x00000000eb000000, 0x00000000eb000000| Complete 
| 177|0x00000000eb100000, 0x00000000eb200000, 0x00000000eb200000|100%| E|CS|TAMS 0x00000000eb100000, 0x00000000eb100000| Complete 
| 178|0x00000000eb200000, 0x00000000eb300000, 0x00000000eb300000|100%| E|CS|TAMS 0x00000000eb200000, 0x00000000eb200000| Complete 
| 179|0x00000000eb300000, 0x00000000eb400000, 0x00000000eb400000|100%| E|CS|TAMS 0x00000000eb300000, 0x00000000eb300000| Complete 
| 180|0x00000000eb400000, 0x00000000eb500000, 0x00000000eb500000|100%| E|CS|TAMS 0x00000000eb400000, 0x00000000eb400000| Complete 
| 181|0x00000000eb500000, 0x00000000eb600000, 0x00000000eb600000|100%| E|CS|TAMS 0x00000000eb500000, 0x00000000eb500000| Complete 
| 182|0x00000000eb600000, 0x00000000eb700000, 0x00000000eb700000|100%| E|CS|TAMS 0x00000000eb600000, 0x00000000eb600000| Complete 
| 183|0x00000000eb700000, 0x00000000eb800000, 0x00000000eb800000|100%| E|CS|TAMS 0x00000000eb700000, 0x00000000eb700000| Complete 
| 184|0x00000000eb800000, 0x00000000eb900000, 0x00000000eb900000|100%| E|CS|TAMS 0x00000000eb800000, 0x00000000eb800000| Complete 
| 185|0x00000000eb900000, 0x00000000eba00000, 0x00000000eba00000|100%| E|CS|TAMS 0x00000000eb900000, 0x00000000eb900000| Complete 
| 186|0x00000000eba00000, 0x00000000ebb00000, 0x00000000ebb00000|100%| E|CS|TAMS 0x00000000eba00000, 0x00000000eba00000| Complete 
| 187|0x00000000ebb00000, 0x00000000ebc00000, 0x00000000ebc00000|100%| E|CS|TAMS 0x00000000ebb00000, 0x00000000ebb00000| Complete 
| 188|0x00000000ebc00000, 0x00000000ebd00000, 0x00000000ebd00000|100%| E|CS|TAMS 0x00000000ebc00000, 0x00000000ebc00000| Complete 
| 189|0x00000000ebd00000, 0x00000000ebe00000, 0x00000000ebe00000|100%| E|CS|TAMS 0x00000000ebd00000, 0x00000000ebd00000| Complete 
| 190|0x00000000ebe00000, 0x00000000ebf00000, 0x00000000ebf00000|100%| E|CS|TAMS 0x00000000ebe00000, 0x00000000ebe00000| Complete 
| 191|0x00000000ebf00000, 0x00000000ec000000, 0x00000000ec000000|100%| E|CS|TAMS 0x00000000ebf00000, 0x00000000ebf00000| Complete 
| 192|0x00000000ec000000, 0x00000000ec100000, 0x00000000ec100000|100%| E|CS|TAMS 0x00000000ec000000, 0x00000000ec000000| Complete 
| 193|0x00000000ec100000, 0x00000000ec200000, 0x00000000ec200000|100%| E|CS|TAMS 0x00000000ec100000, 0x00000000ec100000| Complete 
| 194|0x00000000ec200000, 0x00000000ec300000, 0x00000000ec300000|100%| E|CS|TAMS 0x00000000ec200000, 0x00000000ec200000| Complete 
| 195|0x00000000ec300000, 0x00000000ec400000, 0x00000000ec400000|100%| E|CS|TAMS 0x00000000ec300000, 0x00000000ec300000| Complete 
| 196|0x00000000ec400000, 0x00000000ec500000, 0x00000000ec500000|100%| E|CS|TAMS 0x00000000ec400000, 0x00000000ec400000| Complete 
| 197|0x00000000ec500000, 0x00000000ec600000, 0x00000000ec600000|100%| E|CS|TAMS 0x00000000ec500000, 0x00000000ec500000| Complete 
| 198|0x00000000ec600000, 0x00000000ec700000, 0x00000000ec700000|100%| E|CS|TAMS 0x00000000ec600000, 0x00000000ec600000| Complete 
| 199|0x00000000ec700000, 0x00000000ec800000, 0x00000000ec800000|100%| E|CS|TAMS 0x00000000ec700000, 0x00000000ec700000| Complete 
| 200|0x00000000ec800000, 0x00000000ec900000, 0x00000000ec900000|100%| E|CS|TAMS 0x00000000ec800000, 0x00000000ec800000| Complete 
| 201|0x00000000ec900000, 0x00000000eca00000, 0x00000000eca00000|100%| E|CS|TAMS 0x00000000ec900000, 0x00000000ec900000| Complete 
| 202|0x00000000eca00000, 0x00000000ecb00000, 0x00000000ecb00000|100%| E|CS|TAMS 0x00000000eca00000, 0x00000000eca00000| Complete 
| 203|0x00000000ecb00000, 0x00000000ecc00000, 0x00000000ecc00000|100%| E|CS|TAMS 0x00000000ecb00000, 0x00000000ecb00000| Complete 
| 204|0x00000000ecc00000, 0x00000000ecd00000, 0x00000000ecd00000|100%| E|CS|TAMS 0x00000000ecc00000, 0x00000000ecc00000| Complete 
| 205|0x00000000ecd00000, 0x00000000ece00000, 0x00000000ece00000|100%| E|CS|TAMS 0x00000000ecd00000, 0x00000000ecd00000| Complete 
| 206|0x00000000ece00000, 0x00000000ecf00000, 0x00000000ecf00000|100%| E|CS|TAMS 0x00000000ece00000, 0x00000000ece00000| Complete 
| 207|0x00000000ecf00000, 0x00000000ed000000, 0x00000000ed000000|100%| E|CS|TAMS 0x00000000ecf00000, 0x00000000ecf00000| Complete 
| 208|0x00000000ed000000, 0x00000000ed100000, 0x00000000ed100000|100%| E|CS|TAMS 0x00000000ed000000, 0x00000000ed000000| Complete 
| 209|0x00000000ed100000, 0x00000000ed200000, 0x00000000ed200000|100%| E|CS|TAMS 0x00000000ed100000, 0x00000000ed100000| Complete 
| 210|0x00000000ed200000, 0x00000000ed300000, 0x00000000ed300000|100%| E|CS|TAMS 0x00000000ed200000, 0x00000000ed200000| Complete 
| 211|0x00000000ed300000, 0x00000000ed400000, 0x00000000ed400000|100%| E|CS|TAMS 0x00000000ed300000, 0x00000000ed300000| Complete 
| 212|0x00000000ed400000, 0x00000000ed500000, 0x00000000ed500000|100%| E|CS|TAMS 0x00000000ed400000, 0x00000000ed400000| Complete 
| 213|0x00000000ed500000, 0x00000000ed600000, 0x00000000ed600000|100%| E|CS|TAMS 0x00000000ed500000, 0x00000000ed500000| Complete 
| 214|0x00000000ed600000, 0x00000000ed700000, 0x00000000ed700000|100%| E|CS|TAMS 0x00000000ed600000, 0x00000000ed600000| Complete 
| 215|0x00000000ed700000, 0x00000000ed800000, 0x00000000ed800000|100%| E|CS|TAMS 0x00000000ed700000, 0x00000000ed700000| Complete 
| 216|0x00000000ed800000, 0x00000000ed900000, 0x00000000ed900000|100%| E|CS|TAMS 0x00000000ed800000, 0x00000000ed800000| Complete 
| 217|0x00000000ed900000, 0x00000000eda00000, 0x00000000eda00000|100%| E|CS|TAMS 0x00000000ed900000, 0x00000000ed900000| Complete 
| 218|0x00000000eda00000, 0x00000000edb00000, 0x00000000edb00000|100%| E|CS|TAMS 0x00000000eda00000, 0x00000000eda00000| Complete 
| 219|0x00000000edb00000, 0x00000000edc00000, 0x00000000edc00000|100%| E|CS|TAMS 0x00000000edb00000, 0x00000000edb00000| Complete 
| 220|0x00000000edc00000, 0x00000000edd00000, 0x00000000edd00000|100%| E|CS|TAMS 0x00000000edc00000, 0x00000000edc00000| Complete 
| 221|0x00000000edd00000, 0x00000000ede00000, 0x00000000ede00000|100%| E|CS|TAMS 0x00000000edd00000, 0x00000000edd00000| Complete 
| 222|0x00000000ede00000, 0x00000000edf00000, 0x00000000edf00000|100%| E|CS|TAMS 0x00000000ede00000, 0x00000000ede00000| Complete 
| 223|0x00000000edf00000, 0x00000000ee000000, 0x00000000ee000000|100%| E|CS|TAMS 0x00000000edf00000, 0x00000000edf00000| Complete 
| 224|0x00000000ee000000, 0x00000000ee100000, 0x00000000ee100000|100%| E|CS|TAMS 0x00000000ee000000, 0x00000000ee000000| Complete 
| 225|0x00000000ee100000, 0x00000000ee200000, 0x00000000ee200000|100%| E|CS|TAMS 0x00000000ee100000, 0x00000000ee100000| Complete 
| 226|0x00000000ee200000, 0x00000000ee300000, 0x00000000ee300000|100%| E|CS|TAMS 0x00000000ee200000, 0x00000000ee200000| Complete 
| 227|0x00000000ee300000, 0x00000000ee400000, 0x00000000ee400000|100%| E|CS|TAMS 0x00000000ee300000, 0x00000000ee300000| Complete 
| 228|0x00000000ee400000, 0x00000000ee500000, 0x00000000ee500000|100%| E|CS|TAMS 0x00000000ee400000, 0x00000000ee400000| Complete 
| 229|0x00000000ee500000, 0x00000000ee600000, 0x00000000ee600000|100%| E|CS|TAMS 0x00000000ee500000, 0x00000000ee500000| Complete 
| 230|0x00000000ee600000, 0x00000000ee700000, 0x00000000ee700000|100%| E|CS|TAMS 0x00000000ee600000, 0x00000000ee600000| Complete 
| 231|0x00000000ee700000, 0x00000000ee800000, 0x00000000ee800000|100%| E|CS|TAMS 0x00000000ee700000, 0x00000000ee700000| Complete 
| 232|0x00000000ee800000, 0x00000000ee900000, 0x00000000ee900000|100%| E|CS|TAMS 0x00000000ee800000, 0x00000000ee800000| Complete 
| 233|0x00000000ee900000, 0x00000000eea00000, 0x00000000eea00000|100%| E|CS|TAMS 0x00000000ee900000, 0x00000000ee900000| Complete 
| 234|0x00000000eea00000, 0x00000000eeb00000, 0x00000000eeb00000|100%| E|CS|TAMS 0x00000000eea00000, 0x00000000eea00000| Complete 
| 235|0x00000000eeb00000, 0x00000000eec00000, 0x00000000eec00000|100%| E|CS|TAMS 0x00000000eeb00000, 0x00000000eeb00000| Complete 
| 236|0x00000000eec00000, 0x00000000eed00000, 0x00000000eed00000|100%| E|CS|TAMS 0x00000000eec00000, 0x00000000eec00000| Complete 
| 237|0x00000000eed00000, 0x00000000eee00000, 0x00000000eee00000|100%| E|CS|TAMS 0x00000000eed00000, 0x00000000eed00000| Complete 
| 238|0x00000000eee00000, 0x00000000eef00000, 0x00000000eef00000|100%| E|CS|TAMS 0x00000000eee00000, 0x00000000eee00000| Complete 
| 239|0x00000000eef00000, 0x00000000ef000000, 0x00000000ef000000|100%| E|CS|TAMS 0x00000000eef00000, 0x00000000eef00000| Complete 
| 240|0x00000000ef000000, 0x00000000ef100000, 0x00000000ef100000|100%| E|CS|TAMS 0x00000000ef000000, 0x00000000ef000000| Complete 
| 241|0x00000000ef100000, 0x00000000ef200000, 0x00000000ef200000|100%| E|CS|TAMS 0x00000000ef100000, 0x00000000ef100000| Complete 
| 242|0x00000000ef200000, 0x00000000ef300000, 0x00000000ef300000|100%| E|CS|TAMS 0x00000000ef200000, 0x00000000ef200000| Complete 
| 243|0x00000000ef300000, 0x00000000ef400000, 0x00000000ef400000|100%| E|CS|TAMS 0x00000000ef300000, 0x00000000ef300000| Complete 
| 244|0x00000000ef400000, 0x00000000ef42b3f0, 0x00000000ef500000| 16%| S|CS|TAMS 0x00000000ef400000, 0x00000000ef400000| Complete 
| 245|0x00000000ef500000, 0x00000000ef600000, 0x00000000ef600000|100%| S|CS|TAMS 0x00000000ef500000, 0x00000000ef500000| Complete 
| 246|0x00000000ef600000, 0x00000000ef700000, 0x00000000ef700000|100%| E|CS|TAMS 0x00000000ef600000, 0x00000000ef600000| Complete 
| 247|0x00000000ef700000, 0x00000000ef800000, 0x00000000ef800000|100%| E|CS|TAMS 0x00000000ef700000, 0x00000000ef700000| Complete 
| 248|0x00000000ef800000, 0x00000000ef900000, 0x00000000ef900000|100%| E|CS|TAMS 0x00000000ef800000, 0x00000000ef800000| Complete 
| 249|0x00000000ef900000, 0x00000000efa00000, 0x00000000efa00000|100%| E|CS|TAMS 0x00000000ef900000, 0x00000000ef900000| Complete 
| 250|0x00000000efa00000, 0x00000000efb00000, 0x00000000efb00000|100%| E|CS|TAMS 0x00000000efa00000, 0x00000000efa00000| Complete 
| 251|0x00000000efb00000, 0x00000000efc00000, 0x00000000efc00000|100%| E|CS|TAMS 0x00000000efb00000, 0x00000000efb00000| Complete 
| 252|0x00000000efc00000, 0x00000000efd00000, 0x00000000efd00000|100%| E|CS|TAMS 0x00000000efc00000, 0x00000000efc00000| Complete 
| 253|0x00000000efd00000, 0x00000000efe00000, 0x00000000efe00000|100%| E|CS|TAMS 0x00000000efd00000, 0x00000000efd00000| Complete 
| 254|0x00000000efe00000, 0x00000000eff00000, 0x00000000eff00000|100%| E|CS|TAMS 0x00000000efe00000, 0x00000000efe00000| Complete 
| 255|0x00000000eff00000, 0x00000000f0000000, 0x00000000f0000000|100%| E|CS|TAMS 0x00000000eff00000, 0x00000000eff00000| Complete 

Card table byte_map: [0x000002a7781d0000,0x000002a7782d0000] _byte_map_base: 0x000002a777ad0000

Marking Bits (Prev, Next): (CMBitMap*) 0x000002a770528a20, (CMBitMap*) 0x000002a7705289e0
 Prev Bits: [0x000002a778bd0000, 0x000002a7793d0000)
 Next Bits: [0x000002a7783d0000, 0x000002a778bd0000)

Polling page: 0x000002a76e450000

Metaspace:

Usage:
  Non-class:     29.52 MB used.
      Class:      4.76 MB used.
       Both:     34.28 MB used.

Virtual space:
  Non-class space:       64.00 MB reserved,      29.69 MB ( 46%) committed,  1 nodes.
      Class space:      320.00 MB reserved,       4.94 MB (  2%) committed,  1 nodes.
             Both:      384.00 MB reserved,      34.62 MB (  9%) committed. 

Chunk freelists:
   Non-Class:  2.20 MB
       Class:  10.90 MB
        Both:  13.11 MB

MaxMetaspaceSize: 384.00 MB
CompressedClassSpaceSize: 320.00 MB
Initial GC threshold: 21.00 MB
Current GC threshold: 35.12 MB
CDS: on
MetaspaceReclaimPolicy: balanced
 - commit_granule_bytes: 65536.
 - commit_granule_words: 8192.
 - virtual_space_node_default_size: 8388608.
 - enlarge_chunks_in_place: 1.
 - new_chunks_are_fully_committed: 0.
 - uncommit_free_chunks: 1.
 - use_allocation_guard: 0.
 - handle_deallocations: 1.


Internal statistics:

num_allocs_failed_limit: 3.
num_arena_births: 360.
num_arena_deaths: 0.
num_vsnodes_births: 2.
num_vsnodes_deaths: 0.
num_space_committed: 554.
num_space_uncommitted: 0.
num_chunks_returned_to_freelist: 3.
num_chunks_taken_from_freelist: 1633.
num_chunk_merges: 3.
num_chunk_splits: 1095.
num_chunks_enlarged: 775.
num_purges: 0.
num_inconsistent_stats: 0.

CodeHeap 'non-profiled nmethods': size=120000Kb used=2348Kb max_used=2348Kb free=117651Kb
 bounds [0x000002a707ad0000, 0x000002a707d40000, 0x000002a70f000000]
CodeHeap 'profiled nmethods': size=120000Kb used=8730Kb max_used=8730Kb free=111269Kb
 bounds [0x000002a700000000, 0x000002a700890000, 0x000002a707530000]
CodeHeap 'non-nmethods': size=5760Kb used=2294Kb max_used=2367Kb free=3466Kb
 bounds [0x000002a707530000, 0x000002a7077a0000, 0x000002a707ad0000]
 total_blobs=4960 nmethods=4160 adapters=711
 compilation: enabled
              stopped_count=0, restarted_count=0
 full_count=0

Compilation events (20 events):
Event: 11.316 Thread 0x000002a77be53ab0 4116       3       org.gradle.internal.snapshot.VfsRelativePath::length (13 bytes)
Event: 11.316 Thread 0x000002a77be53ab0 nmethod 4116 0x000002a700869d10 code [0x000002a700869ec0, 0x000002a70086a0d8]
Event: 11.316 Thread 0x000002a77be53ab0 4117       3       org.gradle.internal.snapshot.ChildMap$Entry::handleAncestorDescendantOrExactMatch (110 bytes)
Event: 11.318 Thread 0x000002a77be53ab0 nmethod 4117 0x000002a70086a210 code [0x000002a70086a560, 0x000002a70086ba88]
Event: 11.318 Thread 0x000002a77be53ab0 4118       3       org.gradle.internal.snapshot.VfsRelativePath::hasPrefix (15 bytes)
Event: 11.318 Thread 0x000002a77be53ab0 nmethod 4118 0x000002a70086c210 code [0x000002a70086c3a0, 0x000002a70086c4e8]
Event: 11.320 Thread 0x000002a77be53ab0 4119       3       java.nio.HeapByteBuffer::putLong (32 bytes)
Event: 11.321 Thread 0x000002a77be53ab0 nmethod 4119 0x000002a70086c590 code [0x000002a70086c7e0, 0x000002a70086d208]
Event: 11.321 Thread 0x000002a77be53ab0 4120   !   3       jdk.internal.misc.ScopedMemoryAccess::putLongUnaligned (27 bytes)
Event: 11.322 Thread 0x000002a77be53ab0 nmethod 4120 0x000002a70086d610 code [0x000002a70086d800, 0x000002a70086de48]
Event: 11.322 Thread 0x000002a77be53ab0 4121   !   3       jdk.internal.misc.ScopedMemoryAccess::putLongUnalignedInternal (39 bytes)
Event: 11.322 Thread 0x000002a77be53ab0 nmethod 4121 0x000002a70086e110 code [0x000002a70086e2e0, 0x000002a70086e6b8]
Event: 11.322 Thread 0x000002a77be53ab0 4122       3       jdk.internal.misc.Unsafe::putLongUnaligned (14 bytes)
Event: 11.322 Thread 0x000002a77be53ab0 nmethod 4122 0x000002a70086e890 code [0x000002a70086ea40, 0x000002a70086ec48]
Event: 11.322 Thread 0x000002a77be53ab0 4123       3       jdk.internal.misc.Unsafe::convEndian (16 bytes)
Event: 11.323 Thread 0x000002a77be53ab0 nmethod 4123 0x000002a70086ed90 code [0x000002a70086ef40, 0x000002a70086f0a8]
Event: 11.323 Thread 0x000002a77be53ab0 4124       3       jdk.internal.misc.Unsafe::putLongUnaligned (157 bytes)
Event: 11.323 Thread 0x000002a77be53ab0 nmethod 4124 0x000002a70086f190 code [0x000002a70086f380, 0x000002a70086f928]
Event: 11.323 Thread 0x000002a77be53ab0 4125       3       com.google.common.cache.LocalCache::connectAccessOrder (15 bytes)
Event: 11.323 Thread 0x000002a77be53ab0 nmethod 4125 0x000002a70086fa10 code [0x000002a70086fbc0, 0x000002a70086fe58]

GC Heap History (8 events):
Event: 0.894 GC heap before
{Heap before GC invocations=0 (full 0):
 garbage-first heap   total 262144K, used 26624K [0x00000000e0000000, 0x0000000100000000)
  region size 1024K, 23 young (23552K), 0 survivors (0K)
 Metaspace       used 1982K, committed 2176K, reserved 393216K
  class space    used 206K, committed 320K, reserved 327680K
}
Event: 0.899 GC heap after
{Heap after GC invocations=1 (full 0):
 garbage-first heap   total 262144K, used 10732K [0x00000000e0000000, 0x0000000100000000)
  region size 1024K, 3 young (3072K), 3 survivors (3072K)
 Metaspace       used 1982K, committed 2176K, reserved 393216K
  class space    used 206K, committed 320K, reserved 327680K
}
Event: 1.579 GC heap before
{Heap before GC invocations=1 (full 0):
 garbage-first heap   total 262144K, used 38380K [0x00000000e0000000, 0x0000000100000000)
  region size 1024K, 30 young (30720K), 3 survivors (3072K)
 Metaspace       used 4061K, committed 4224K, reserved 393216K
  class space    used 507K, committed 640K, reserved 327680K
}
Event: 1.583 GC heap after
{Heap after GC invocations=2 (full 0):
 garbage-first heap   total 262144K, used 12407K [0x00000000e0000000, 0x0000000100000000)
  region size 1024K, 2 young (2048K), 2 survivors (2048K)
 Metaspace       used 4061K, committed 4224K, reserved 393216K
  class space    used 507K, committed 640K, reserved 327680K
}
Event: 6.033 GC heap before
{Heap before GC invocations=2 (full 0):
 garbage-first heap   total 262144K, used 135287K [0x00000000e0000000, 0x0000000100000000)
  region size 1024K, 120 young (122880K), 2 survivors (2048K)
 Metaspace       used 19999K, committed 20352K, reserved 393216K
  class space    used 2919K, committed 3136K, reserved 327680K
}
Event: 6.047 GC heap after
{Heap after GC invocations=3 (full 0):
 garbage-first heap   total 262144K, used 23750K [0x00000000e0000000, 0x0000000100000000)
  region size 1024K, 12 young (12288K), 12 survivors (12288K)
 Metaspace       used 19999K, committed 20352K, reserved 393216K
  class space    used 2919K, committed 3136K, reserved 327680K
}
Event: 6.699 GC heap before
{Heap before GC invocations=3 (full 0):
 garbage-first heap   total 262144K, used 32966K [0x00000000e0000000, 0x0000000100000000)
  region size 1024K, 22 young (22528K), 12 survivors (12288K)
 Metaspace       used 21144K, committed 21504K, reserved 393216K
  class space    used 3113K, committed 3328K, reserved 327680K
}
Event: 6.712 GC heap after
{Heap after GC invocations=4 (full 0):
 garbage-first heap   total 262144K, used 24884K [0x00000000e0000000, 0x0000000100000000)
  region size 1024K, 2 young (2048K), 2 survivors (2048K)
 Metaspace       used 21144K, committed 21504K, reserved 393216K
  class space    used 3113K, committed 3328K, reserved 327680K
}

Deoptimization events (20 events):
Event: 10.897 Thread 0x000002a7299ad910 Uncommon trap: trap_request=0xffffffde fr.pc=0x000002a707cde710 relative=0x00000000000004b0
Event: 10.897 Thread 0x000002a7299ad910 Uncommon trap: reason=class_check action=maybe_recompile pc=0x000002a707cde710 method=java.util.regex.Pattern$Start.match(Ljava/util/regex/Matcher;ILjava/lang/CharSequence;)Z @ 44 c2
Event: 10.897 Thread 0x000002a7299ad910 DEOPT PACKING pc=0x000002a707cde710 sp=0x000000aa3f9f9270
Event: 10.897 Thread 0x000002a7299ad910 DEOPT UNPACKING pc=0x000002a7075823a3 sp=0x000000aa3f9f9138 mode 2
Event: 10.897 Thread 0x000002a7299ad910 Uncommon trap: trap_request=0xffffffde fr.pc=0x000002a707cd03e8 relative=0x0000000000000488
Event: 10.897 Thread 0x000002a7299ad910 Uncommon trap: reason=class_check action=maybe_recompile pc=0x000002a707cd03e8 method=java.util.regex.Pattern$Start.match(Ljava/util/regex/Matcher;ILjava/lang/CharSequence;)Z @ 44 c2
Event: 10.897 Thread 0x000002a7299ad910 DEOPT PACKING pc=0x000002a707cd03e8 sp=0x000000aa3f9f9200
Event: 10.897 Thread 0x000002a7299ad910 DEOPT UNPACKING pc=0x000002a7075823a3 sp=0x000000aa3f9f9140 mode 2
Event: 10.946 Thread 0x000002a7299ad910 DEOPT PACKING pc=0x000002a700437a5c sp=0x000000aa3f9f9880
Event: 10.946 Thread 0x000002a7299ad910 DEOPT UNPACKING pc=0x000002a707582b43 sp=0x000000aa3f9f8e00 mode 0
Event: 10.959 Thread 0x000002a7299ad910 DEOPT PACKING pc=0x000002a7003c9688 sp=0x000000aa3f9f9850
Event: 10.959 Thread 0x000002a7299ad910 DEOPT UNPACKING pc=0x000002a707582b43 sp=0x000000aa3f9f8d58 mode 0
Event: 11.169 Thread 0x000002a7299ad910 Uncommon trap: trap_request=0xffffffde fr.pc=0x000002a707c085f0 relative=0x00000000000002d0
Event: 11.169 Thread 0x000002a7299ad910 Uncommon trap: reason=class_check action=maybe_recompile pc=0x000002a707c085f0 method=java.util.Collections$SetFromMap.remove(Ljava/lang/Object;)Z @ 5 c2
Event: 11.169 Thread 0x000002a7299ad910 DEOPT PACKING pc=0x000002a707c085f0 sp=0x000000aa3f9fb0a0
Event: 11.169 Thread 0x000002a7299ad910 DEOPT UNPACKING pc=0x000002a7075823a3 sp=0x000000aa3f9fb088 mode 2
Event: 11.206 Thread 0x000002a7299ad910 Uncommon trap: trap_request=0xffffffde fr.pc=0x000002a707ce0f80 relative=0x0000000000000060
Event: 11.206 Thread 0x000002a7299ad910 Uncommon trap: reason=class_check action=maybe_recompile pc=0x000002a707ce0f80 method=java.util.stream.StreamOpFlag.fromCharacteristics(Ljava/util/Spliterator;)I @ 14 c2
Event: 11.206 Thread 0x000002a7299ad910 DEOPT PACKING pc=0x000002a707ce0f80 sp=0x000000aa3f9f9e60
Event: 11.206 Thread 0x000002a7299ad910 DEOPT UNPACKING pc=0x000002a7075823a3 sp=0x000000aa3f9f9df8 mode 2

Classes unloaded (0 events):
No events

Classes redefined (0 events):
No events

Internal exceptions (20 events):
Event: 10.753 Thread 0x000002a7299ad910 Exception <a 'java/lang/ClassNotFoundException'{0x00000000e9fd83c0}: org/gradle/api/internal/project/AbstractPluginAwareCustomizer> (0x00000000e9fd83c0) 
thrown [s\open\src\hotspot\share\classfile\systemDictionary.cpp, line 256]
Event: 10.755 Thread 0x000002a7299ad910 Exception <a 'java/lang/ClassNotFoundException'{0x00000000e9fec980}: org/gradle/invocation/DefaultGradleCustomizer> (0x00000000e9fec980) 
thrown [s\open\src\hotspot\share\classfile\systemDictionary.cpp, line 256]
Event: 10.760 Thread 0x000002a7299ad910 Exception <a 'java/lang/ClassNotFoundException'{0x00000000e9e2cf28}: org/gradle/invocation/DefaultGradle_DecoratedCustomizer> (0x00000000e9e2cf28) 
thrown [s\open\src\hotspot\share\classfile\systemDictionary.cpp, line 256]
Event: 10.893 Thread 0x000002a7299ad910 Exception <a 'java/lang/ClassNotFoundException'{0x00000000e9bfc9e8}: groovy/lang/Closure$1BeanInfo> (0x00000000e9bfc9e8) 
thrown [s\open\src\hotspot\share\classfile\systemDictionary.cpp, line 256]
Event: 10.894 Thread 0x000002a7299ad910 Exception <a 'java/lang/ClassNotFoundException'{0x00000000e9a18df8}: groovy/lang/ClosureBeanInfo> (0x00000000e9a18df8) 
thrown [s\open\src\hotspot\share\classfile\systemDictionary.cpp, line 256]
Event: 10.895 Thread 0x000002a7299ad910 Exception <a 'java/lang/ClassNotFoundException'{0x00000000e9a34be0}: groovy/lang/ClosureCustomizer> (0x00000000e9a34be0) 
thrown [s\open\src\hotspot\share\classfile\systemDictionary.cpp, line 256]
Event: 10.900 Thread 0x000002a7299ad910 Exception <a 'java/lang/ClassNotFoundException'{0x00000000e9a73ed0}: groovy/lang/Closure$1Customizer> (0x00000000e9a73ed0) 
thrown [s\open\src\hotspot\share\classfile\systemDictionary.cpp, line 256]
Event: 11.014 Thread 0x000002a7299ad910 Exception <a 'java/lang/ClassNotFoundException'{0x00000000e9706090}: ijresolvers1_4n5uhpbunh9qq2fy18xrckw99BeanInfo> (0x00000000e9706090) 
thrown [s\open\src\hotspot\share\classfile\systemDictionary.cpp, line 256]
Event: 11.014 Thread 0x000002a7299ad910 Exception <a 'java/lang/ClassNotFoundException'{0x00000000e970c6d0}: ijresolvers1_4n5uhpbunh9qq2fy18xrckw99Customizer> (0x00000000e970c6d0) 
thrown [s\open\src\hotspot\share\classfile\systemDictionary.cpp, line 256]
Event: 11.052 Thread 0x000002a7299ad910 Exception <a 'java/lang/ClassNotFoundException'{0x00000000e97c2710}: org/gradle/execution/taskgraph/DefaultTaskExecutionGraphBeanInfo> (0x00000000e97c2710) 
thrown [s\open\src\hotspot\share\classfile\systemDictionary.cpp, line 256]
Event: 11.053 Thread 0x000002a7299ad910 Exception <a 'java/lang/ClassNotFoundException'{0x00000000e97d1840}: org/gradle/execution/taskgraph/DefaultTaskExecutionGraphCustomizer> (0x00000000e97d1840) 
thrown [s\open\src\hotspot\share\classfile\systemDictionary.cpp, line 256]
Event: 11.093 Thread 0x000002a7299ad910 Exception <a 'java/lang/ClassNotFoundException'{0x00000000e9510078}: org/gradle/configuration/internal/DefaultListenerBuildOperationDecorator$BuildOperationEmittingClosureBeanInfo> (0x00000000e9510078) 
thrown [s\open\src\hotspot\share\classfile\systemDictionary.cpp, line 256]
Event: 11.094 Thread 0x000002a7299ad910 Exception <a 'java/lang/ClassNotFoundException'{0x00000000e951ff80}: org/gradle/configuration/internal/DefaultListenerBuildOperationDecorator$BuildOperationEmittingClosureCustomizer> (0x00000000e951ff80) 
thrown [s\open\src\hotspot\share\classfile\systemDictionary.cpp, line 256]
Event: 11.149 Thread 0x000002a7299ad910 Exception <a 'java/lang/ClassNotFoundException'{0x00000000e94c1380}: Build_tikicktaka_server1_4do987e1pdvf7truhcx935r91BeanInfo> (0x00000000e94c1380) 
thrown [s\open\src\hotspot\share\classfile\systemDictionary.cpp, line 256]
Event: 11.151 Thread 0x000002a7299ad910 Exception <a 'java/lang/ClassNotFoundException'{0x00000000e94c7ac0}: Build_tikicktaka_server1_4do987e1pdvf7truhcx935r91Customizer> (0x00000000e94c7ac0) 
thrown [s\open\src\hotspot\share\classfile\systemDictionary.cpp, line 256]
Event: 11.272 Thread 0x000002a7299ad910 Exception <a 'sun/nio/fs/WindowsException'{0x00000000e91084e8}> (0x00000000e91084e8) 
thrown [s\open\src\hotspot\share\prims\jni.cpp, line 516]
Event: 11.276 Thread 0x000002a7299ad910 Exception <a 'sun/nio/fs/WindowsException'{0x00000000e9109aa8}> (0x00000000e9109aa8) 
thrown [s\open\src\hotspot\share\prims\jni.cpp, line 516]
Event: 11.278 Thread 0x000002a7299ad910 Exception <a 'sun/nio/fs/WindowsException'{0x00000000e910b020}> (0x00000000e910b020) 
thrown [s\open\src\hotspot\share\prims\jni.cpp, line 516]
Event: 11.280 Thread 0x000002a7299ad910 Exception <a 'sun/nio/fs/WindowsException'{0x00000000e910c5a8}> (0x00000000e910c5a8) 
thrown [s\open\src\hotspot\share\prims\jni.cpp, line 516]
Event: 11.303 Thread 0x000002a7299ad910 Exception <a 'java/lang/IncompatibleClassChangeError'{0x00000000e9132288}: Found class java.lang.Object, but interface was expected> (0x00000000e9132288) 
thrown [s\open\src\hotspot\share\interpreter\linkResolver.cpp, line 826]

VM Operations (20 events):
Event: 9.058 Executing VM operation: HandshakeAllThreads
Event: 9.058 Executing VM operation: HandshakeAllThreads done
Event: 9.557 Executing VM operation: HandshakeAllThreads
Event: 9.557 Executing VM operation: HandshakeAllThreads done
Event: 9.886 Executing VM operation: HandshakeAllThreads
Event: 9.886 Executing VM operation: HandshakeAllThreads done
Event: 10.011 Executing VM operation: HandshakeAllThreads
Event: 10.011 Executing VM operation: HandshakeAllThreads done
Event: 10.053 Executing VM operation: HandshakeAllThreads
Event: 10.053 Executing VM operation: HandshakeAllThreads done
Event: 10.279 Executing VM operation: HandshakeAllThreads
Event: 10.279 Executing VM operation: HandshakeAllThreads done
Event: 10.279 Executing VM operation: Cleanup
Event: 10.279 Executing VM operation: Cleanup done
Event: 10.287 Executing VM operation: HandshakeAllThreads
Event: 10.287 Executing VM operation: HandshakeAllThreads done
Event: 10.428 Executing VM operation: HandshakeAllThreads
Event: 10.428 Executing VM operation: HandshakeAllThreads done
Event: 10.785 Executing VM operation: ICBufferFull
Event: 10.785 Executing VM operation: ICBufferFull done

Events (20 events):
Event: 10.900 loading class com/sun/beans/finder/MethodFinder
Event: 10.901 loading class com/sun/beans/finder/AbstractFinder
Event: 10.901 loading class com/sun/beans/finder/AbstractFinder done
Event: 10.901 loading class com/sun/beans/finder/MethodFinder done
Event: 10.901 loading class com/sun/beans/finder/MethodFinder$1
Event: 10.901 loading class com/sun/beans/finder/MethodFinder$1 done
Event: 10.902 loading class com/sun/beans/finder/FinderUtils
Event: 10.902 loading class com/sun/beans/finder/FinderUtils done
Event: 10.940 Thread 0x000002a72a18caa0 Thread added: 0x000002a72a18caa0
Event: 10.986 Thread 0x000002a72a18ff90 Thread added: 0x000002a72a18ff90
Event: 11.113 Thread 0x000002a72a190460 Thread added: 0x000002a72a190460
Event: 11.128 Thread 0x000002a72a18d440 Thread added: 0x000002a72a18d440
Event: 11.205 loading class java/util/BitSet$1BitSetSpliterator
Event: 11.205 loading class java/util/BitSet$1BitSetSpliterator done
Event: 11.223 loading class java/lang/ThreadLocal$SuppliedThreadLocal
Event: 11.224 loading class java/lang/ThreadLocal$SuppliedThreadLocal done
Event: 11.268 loading class sun/nio/fs/WindowsException
Event: 11.270 loading class sun/nio/fs/WindowsException done
Event: 11.298 Thread 0x000002a72a18d910 Thread added: 0x000002a72a18d910
Event: 11.320 Thread 0x000002a72a192140 Thread added: 0x000002a72a192140


Dynamic libraries:
0x00007ff7821c0000 - 0x00007ff7821d0000 	C:\Program Files\Java\jdk-17\bin\java.exe
0x00007ffe7a910000 - 0x00007ffe7ab08000 	C:\WINDOWS\SYSTEM32\ntdll.dll
0x00007ffe796b0000 - 0x00007ffe79771000 	C:\WINDOWS\System32\KERNEL32.DLL
0x00007ffe78250000 - 0x00007ffe78546000 	C:\WINDOWS\System32\KERNELBASE.dll
0x00007ffe78150000 - 0x00007ffe78250000 	C:\WINDOWS\System32\ucrtbase.dll
0x00007ffe54220000 - 0x00007ffe5423b000 	C:\Program Files\Java\jdk-17\bin\VCRUNTIME140.dll
0x00007ffe54240000 - 0x00007ffe54259000 	C:\Program Files\Java\jdk-17\bin\jli.dll
0x00007ffe789b0000 - 0x00007ffe78a60000 	C:\WINDOWS\System32\ADVAPI32.dll
0x00007ffe791e0000 - 0x00007ffe7927e000 	C:\WINDOWS\System32\msvcrt.dll
0x00007ffe78ed0000 - 0x00007ffe78f70000 	C:\WINDOWS\System32\sechost.dll
0x00007ffe79470000 - 0x00007ffe79593000 	C:\WINDOWS\System32\RPCRT4.dll
0x00007ffe78120000 - 0x00007ffe78147000 	C:\WINDOWS\System32\bcrypt.dll
0x00007ffe78ac0000 - 0x00007ffe78c5f000 	C:\WINDOWS\System32\USER32.dll
0x00007ffe787f0000 - 0x00007ffe78812000 	C:\WINDOWS\System32\win32u.dll
0x00007ffe7a470000 - 0x00007ffe7a49b000 	C:\WINDOWS\System32\GDI32.dll
0x00007ffe77410000 - 0x00007ffe776aa000 	C:\WINDOWS\WinSxS\amd64_microsoft.windows.common-controls_6595b64144ccf1df_6.0.19041.4355_none_60b8b9eb71f62e16\COMCTL32.dll
0x00007ffe78820000 - 0x00007ffe78937000 	C:\WINDOWS\System32\gdi32full.dll
0x00007ffe78010000 - 0x00007ffe780ad000 	C:\WINDOWS\System32\msvcp_win.dll
0x00007ffe748f0000 - 0x00007ffe748fa000 	C:\WINDOWS\SYSTEM32\VERSION.dll
0x00007ffe79680000 - 0x00007ffe796af000 	C:\WINDOWS\System32\IMM32.DLL
0x00007ffe54210000 - 0x00007ffe5421c000 	C:\Program Files\Java\jdk-17\bin\vcruntime140_1.dll
0x00007ffe54180000 - 0x00007ffe5420e000 	C:\Program Files\Java\jdk-17\bin\msvcp140.dll
0x00007ffe535a0000 - 0x00007ffe5417e000 	C:\Program Files\Java\jdk-17\bin\server\jvm.dll
0x00007ffe78f70000 - 0x00007ffe78f78000 	C:\WINDOWS\System32\PSAPI.DLL
0x00007ffe63600000 - 0x00007ffe63609000 	C:\WINDOWS\SYSTEM32\WSOCK32.dll
0x00007ffe5ed00000 - 0x00007ffe5ed27000 	C:\WINDOWS\SYSTEM32\WINMM.dll
0x00007ffe793a0000 - 0x00007ffe7940b000 	C:\WINDOWS\System32\WS2_32.dll
0x00007ffe75000000 - 0x00007ffe75012000 	C:\WINDOWS\SYSTEM32\kernel.appcore.dll
0x00007ffe5aba0000 - 0x00007ffe5abaa000 	C:\Program Files\Java\jdk-17\bin\jimage.dll
0x00007ffe778c0000 - 0x00007ffe77aa4000 	C:\WINDOWS\SYSTEM32\DBGHELP.DLL
0x00007ffe77880000 - 0x00007ffe778b4000 	C:\WINDOWS\SYSTEM32\dbgcore.DLL
0x00007ffe78760000 - 0x00007ffe787e2000 	C:\WINDOWS\System32\bcryptPrimitives.dll
0x00007ffe6f490000 - 0x00007ffe6f49e000 	C:\Program Files\Java\jdk-17\bin\instrument.dll
0x00007ffe53480000 - 0x00007ffe534a5000 	C:\Program Files\Java\jdk-17\bin\java.dll
0x00007ffe52e70000 - 0x00007ffe52f47000 	C:\Program Files\Java\jdk-17\bin\jsvml.dll
0x00007ffe79890000 - 0x00007ffe79ffc000 	C:\WINDOWS\System32\SHELL32.dll
0x00007ffe75990000 - 0x00007ffe7612e000 	C:\WINDOWS\SYSTEM32\windows.storage.dll
0x00007ffe7a570000 - 0x00007ffe7a8c3000 	C:\WINDOWS\System32\combase.dll
0x00007ffe771c0000 - 0x00007ffe771ee000 	C:\WINDOWS\SYSTEM32\Wldp.dll
0x00007ffe7a4a0000 - 0x00007ffe7a56d000 	C:\WINDOWS\System32\OLEAUT32.dll
0x00007ffe79280000 - 0x00007ffe7932d000 	C:\WINDOWS\System32\SHCORE.dll
0x00007ffe79330000 - 0x00007ffe79385000 	C:\WINDOWS\System32\shlwapi.dll
0x00007ffe77ef0000 - 0x00007ffe77f14000 	C:\WINDOWS\SYSTEM32\profapi.dll
0x00007ffe52d20000 - 0x00007ffe52d38000 	C:\Program Files\Java\jdk-17\bin\zip.dll
0x00007ffe53080000 - 0x00007ffe53099000 	C:\Program Files\Java\jdk-17\bin\net.dll
0x00007ffe70210000 - 0x00007ffe7031a000 	C:\WINDOWS\SYSTEM32\WINHTTP.dll
0x00007ffe76f80000 - 0x00007ffe76fea000 	C:\WINDOWS\system32\mswsock.dll
0x00007ffe52d90000 - 0x00007ffe52da6000 	C:\Program Files\Java\jdk-17\bin\nio.dll
0x00007ffe56010000 - 0x00007ffe56020000 	C:\Program Files\Java\jdk-17\bin\verify.dll
0x00007ffe576a0000 - 0x00007ffe576c7000 	C:\Users\hyoje\.gradle\native\c067742578af261105cb4f569cf0c3c89f3d7b1fecec35dd04571415982c5e48\windows-amd64\native-platform.dll
0x00007ffe3a1d0000 - 0x00007ffe3a314000 	C:\Users\hyoje\.gradle\native\100fb08df4bc3b14c8652ba06237920a3bd2aa13389f12d3474272988ae205f9\windows-amd64\native-platform-file-events.dll
0x00007ffe63620000 - 0x00007ffe6362a000 	C:\Program Files\Java\jdk-17\bin\management.dll
0x00007ffe63610000 - 0x00007ffe6361b000 	C:\Program Files\Java\jdk-17\bin\management_ext.dll
0x00007ffe77c50000 - 0x00007ffe77c68000 	C:\WINDOWS\SYSTEM32\CRYPTSP.dll
0x00007ffe76920000 - 0x00007ffe76954000 	C:\WINDOWS\system32\rsaenh.dll
0x00007ffe77ea0000 - 0x00007ffe77ece000 	C:\WINDOWS\SYSTEM32\USERENV.dll
0x00007ffe77110000 - 0x00007ffe7711c000 	C:\WINDOWS\SYSTEM32\CRYPTBASE.dll
0x00007ffe76c80000 - 0x00007ffe76cbb000 	C:\WINDOWS\SYSTEM32\IPHLPAPI.DLL
0x00007ffe78940000 - 0x00007ffe78948000 	C:\WINDOWS\System32\NSI.dll
0x00007ffe71170000 - 0x00007ffe71187000 	C:\WINDOWS\SYSTEM32\dhcpcsvc6.DLL
0x00007ffe71150000 - 0x00007ffe7116d000 	C:\WINDOWS\SYSTEM32\dhcpcsvc.DLL
0x00007ffe76cc0000 - 0x00007ffe76d8a000 	C:\WINDOWS\SYSTEM32\DNSAPI.dll
0x00007ffe55fe0000 - 0x00007ffe55fee000 	C:\Program Files\Java\jdk-17\bin\sunmscapi.dll
0x00007ffe78550000 - 0x00007ffe786ae000 	C:\WINDOWS\System32\CRYPT32.dll
0x00007ffe772f0000 - 0x00007ffe77319000 	C:\WINDOWS\SYSTEM32\ncrypt.dll
0x00007ffe772b0000 - 0x00007ffe772eb000 	C:\WINDOWS\SYSTEM32\NTASN1.dll
0x00007ffe63630000 - 0x00007ffe63637000 	C:\WINDOWS\system32\wshunix.dll

dbghelp: loaded successfully - version: 4.0.5 - missing functions: none
symbol engine: initialized successfully - sym options: 0x614 - pdb path: .;C:\Program Files\Java\jdk-17\bin;C:\WINDOWS\SYSTEM32;C:\WINDOWS\WinSxS\amd64_microsoft.windows.common-controls_6595b64144ccf1df_6.0.19041.4355_none_60b8b9eb71f62e16;C:\Program Files\Java\jdk-17\bin\server;C:\Users\hyoje\.gradle\native\c067742578af261105cb4f569cf0c3c89f3d7b1fecec35dd04571415982c5e48\windows-amd64;C:\Users\hyoje\.gradle\native\100fb08df4bc3b14c8652ba06237920a3bd2aa13389f12d3474272988ae205f9\windows-amd64

VM Arguments:
jvm_args: --add-opens=java.base/java.util=ALL-UNNAMED --add-opens=java.base/java.lang=ALL-UNNAMED --add-opens=java.base/java.lang.invoke=ALL-UNNAMED --add-opens=java.prefs/java.util.prefs=ALL-UNNAMED --add-opens=java.base/java.nio.charset=ALL-UNNAMED --add-opens=java.base/java.net=ALL-UNNAMED --add-opens=java.base/java.util.concurrent.atomic=ALL-UNNAMED -XX:MaxMetaspaceSize=384m -XX:+HeapDumpOnOutOfMemoryError -Xms256m -Xmx512m -Dfile.encoding=x-windows-949 -Duser.country=KR -Duser.language=ko -Duser.variant -javaagent:C:\Users\hyoje\.gradle\wrapper\dists\gradle-8.8-bin\dl7vupf4psengwqhwktix4v1\gradle-8.8\lib\agents\gradle-instrumentation-agent-8.8.jar 
java_command: org.gradle.launcher.daemon.bootstrap.GradleDaemon 8.8
java_class_path (initial): C:\Users\hyoje\.gradle\wrapper\dists\gradle-8.8-bin\dl7vupf4psengwqhwktix4v1\gradle-8.8\lib\gradle-launcher-8.8.jar
Launcher Type: SUN_STANDARD

[Global flags]
     intx CICompilerCount                          = 4                                         {product} {ergonomic}
   size_t CompressedClassSpaceSize                 = 335544320                                 {product} {ergonomic}
     uint ConcGCThreads                            = 2                                         {product} {ergonomic}
     uint G1ConcRefinementThreads                  = 8                                         {product} {ergonomic}
   size_t G1HeapRegionSize                         = 1048576                                   {product} {ergonomic}
    uintx GCDrainStackTargetSize                   = 64                                        {product} {ergonomic}
     bool HeapDumpOnOutOfMemoryError               = true                                   {manageable} {command line}
   size_t InitialHeapSize                          = 268435456                                 {product} {command line}
   size_t MarkStackSize                            = 4194304                                   {product} {ergonomic}
   size_t MaxHeapSize                              = 536870912                                 {product} {command line}
   size_t MaxMetaspaceSize                         = 402653184                                 {product} {command line}
   size_t MaxNewSize                               = 321912832                                 {product} {ergonomic}
   size_t MinHeapDeltaBytes                        = 1048576                                   {product} {ergonomic}
   size_t MinHeapSize                              = 268435456                                 {product} {command line}
    uintx NonNMethodCodeHeapSize                   = 5839372                                {pd product} {ergonomic}
    uintx NonProfiledCodeHeapSize                  = 122909434                              {pd product} {ergonomic}
    uintx ProfiledCodeHeapSize                     = 122909434                              {pd product} {ergonomic}
    uintx ReservedCodeCacheSize                    = 251658240                              {pd product} {ergonomic}
     bool SegmentedCodeCache                       = true                                      {product} {ergonomic}
   size_t SoftMaxHeapSize                          = 536870912                              {manageable} {ergonomic}
     bool UseCompressedClassPointers               = true                           {product lp64_product} {ergonomic}
     bool UseCompressedOops                        = true                           {product lp64_product} {ergonomic}
     bool UseG1GC                                  = true                                      {product} {ergonomic}
     bool UseLargePagesIndividualAllocation        = false                                  {pd product} {ergonomic}

Logging:
Log output configuration:
 #0: stdout all=warning uptime,level,tags
 #1: stderr all=off uptime,level,tags

Environment Variables:
JAVA_HOME=C:\Program Files\Java\jdk-17
PATH=C:\Program Files (x86)\VMware\VMware Workstation\bin\;C:\Program Files\Java\jdk-17\bin;C:\Python310\Scripts\;C:\Python310\;C:\Program Files\Common Files\Oracle\Java\javapath;C:\ProgramData\Anaconda3;C:\ProgramData\Anaconda3\Library\mingw-w64\bin;C:\ProgramData\Anaconda3\Library\usr\bin;C:\ProgramData\Anaconda3\Library\bin;C:\ProgramData\Anaconda3\Scripts;C:\WINDOWS\system32;C:\WINDOWS;C:\WINDOWS\System32\Wbem;C:\WINDOWS\System32\WindowsPowerShell\v1.0\;C:\WINDOWS\System32\OpenSSH\;C:\Program Files\Intel\WiFi\bin\;C:\Program Files\Common Files\Intel\WirelessCommon\;C:\Program Files\Java\jdk-15.0.2\bin;C:\MinGW\bin;C:\Users\hyoje\AppData\Local\Android\Sdk\platform-tools;C:\Program Files\Docker\Docker\resources\bin;C:\ProgramData\DockerDesktop\version-bin;C:\Program Files\Microsoft SQL Server\150\Tools\Binn\;C:\ProgramData\chocolatey\bin;C:\Program Files\Git\cmd;C:\Program Files\nodejs\;C:\Python310\Lib\site-packages;C:\Program Files\PuTTY\;C:\Users\hyoje\AppData\Local\Programs\Python\Python38\Scripts\;C:\Users\hyoje\AppData\Local\Programs\Python\Python38\;C:\Users\hyoje\AppData\Local\Programs\Python\Python38-32\Scripts\;C:\Users\hyoje\AppData\Local\Programs\Python\Python38-32\;C:\Users\hyoje\AppData\Local\Microsoft\WindowsApps;C:\Users\hyoje\AppData\Local\Programs\Microsoft VS Code\bin;C:\Users\hyoje\AppData\Local\atom\bin;C:\Program Files\Bandizip\;C:\Program Files\Intel\WiFi\bin\;C:\Program Files\Common Files\Intel\WirelessCommon\;C:\venvs;C:\Users\hyoje\.dotnet\tools;C:\Users\hyoje\AppData\Local\JetBrains\IntelliJ IDEA 2022.2.2\bin;C:\Users\hyoje\AppData\Local\JetBrains\Toolbox\scripts;C:\Users\hyoje\AppData\Roaming\npm;C:\Python310\Lib\site-packages;C:\Program Files\JetBrains\PyCharm Community Edition 2021.1.3\bin;C:\Program Files\JetBrains\IntelliJ IDEA 2024.1.1\bin;C:\Users\hyoje\AppData\Local\gitkraken\bin
USERNAME=hyoje
OS=Windows_NT
PROCESSOR_IDENTIFIER=Intel64 Family 6 Model 142 Stepping 12, GenuineIntel



---------------  S Y S T E M  ---------------

OS:
 Windows 10 , 64 bit Build 19041 (10.0.19041.4597)
OS uptime: 10 days 23:31 hours
Hyper-V role detected

CPU: total 8 (initial active 8) (4 cores per cpu, 2 threads per core) family 6 model 142 stepping 12 microcode 0xbe, cx8, cmov, fxsr, ht, mmx, 3dnowpref, sse, sse2, sse3, ssse3, sse4.1, sse4.2, popcnt, lzcnt, tsc, tscinvbit, avx, avx2, aes, erms, clmul, bmi1, bmi2, adx, fma, vzeroupper, clflush, clflushopt, hv

Memory: 4k page, system-wide physical 8029M (369M free)
TotalPageFile size 32605M (AvailPageFile size 7M)
current process WorkingSet (physical memory assigned to process): 299M, peak: 305M
current process commit charge ("private bytes"): 444M, peak: 450M

vm_info: Java HotSpot(TM) 64-Bit Server VM (17.0.8+9-LTS-211) for windows-amd64 JRE (17.0.8+9-LTS-211), built on Jun 14 2023 10:34:31 by "mach5one" with MS VC++ 17.1 (VS2022)

END.
