#
# There is insufficient memory for the Java Runtime Environment to continue.
# Native memory allocation (mmap) failed to map 233832448 bytes for G1 virtual space
# Possible reasons:
#   The system is out of physical RAM or swap space
#   The process is running with CompressedOops enabled, and the Java Heap may be blocking the growth of the native heap
# Possible solutions:
#   Reduce memory load on the system
#   Increase physical memory or swap space
#   Check if swap backing store is full
#   Decrease Java heap size (-Xmx/-Xms)
#   Decrease number of Java threads
#   Decrease Java thread stack sizes (-Xss)
#   Set larger code cache with -XX:ReservedCodeCacheSize=
#   JVM is running with Unscaled Compressed Oops mode in which the Java heap is
#     placed in the first 4GB address space. The Java Heap base address is the
#     maximum limit for the native heap growth. Please use -XX:HeapBaseMinAddress
#     to set the Java Heap base and to place the Java Heap above 4GB virtual address.
# This output file may be truncated or incomplete.
#
#  Out of Memory Error (os_windows.cpp:3550), pid=27740, tid=1640
#
# JRE version: Java(TM) SE Runtime Environment (17.0.8+9) (build 17.0.8+9-LTS-211)
# Java VM: Java HotSpot(TM) 64-Bit Server VM (17.0.8+9-LTS-211, mixed mode, emulated-client, sharing, tiered, compressed oops, compressed class ptrs, g1 gc, windows-amd64)
# No core dump will be written. Minidumps are not enabled by default on client versions of Windows
#

---------------  S U M M A R Y ------------

Command Line: -XX:TieredStopAtLevel=1 -Dspring.output.ansi.enabled=always -Dcom.sun.management.jmxremote -Dspring.jmx.enabled=true -Dspring.liveBeansView.mbeanDomain -Dspring.application.admin.enabled=true -Dmanagement.endpoints.jmx.exposure.include=* -javaagent:C:\Program Files\JetBrains\IntelliJ IDEA 2024.1.1\lib\idea_rt.jar=7439:C:\Program Files\JetBrains\IntelliJ IDEA 2024.1.1\bin -Dfile.encoding=UTF-8 com.example.tikicktaka.TikickTakaApplication

Host: Intel(R) Core(TM) i5-10210U CPU @ 1.60GHz, 8 cores, 7G,  Windows 10 , 64 bit Build 19041 (10.0.19041.4597)
Time: Tue Aug  6 14:40:01 2024  Windows 10 , 64 bit Build 19041 (10.0.19041.4597) elapsed time: 15.482081 seconds (0d 0h 0m 15s)

---------------  T H R E A D  ---------------

Current thread (0x0000011b553eba30):  VMThread "VM Thread" [stack: 0x0000000e0ec00000,0x0000000e0ed00000] [id=1640]

Stack: [0x0000000e0ec00000,0x0000000e0ed00000]
Native frames: (J=compiled Java code, j=interpreted, Vv=VM code, C=native code)
V  [jvm.dll+0x677d0a]
V  [jvm.dll+0x7d8c54]
V  [jvm.dll+0x7da3fe]
V  [jvm.dll+0x7daa63]
V  [jvm.dll+0x245c5f]
V  [jvm.dll+0x674bb9]
V  [jvm.dll+0x6694f2]
V  [jvm.dll+0x3031d6]
V  [jvm.dll+0x30a756]
V  [jvm.dll+0x359f9e]
V  [jvm.dll+0x35a1cf]
V  [jvm.dll+0x2da3e8]
V  [jvm.dll+0x2d87f5]
V  [jvm.dll+0x2d7dfc]
V  [jvm.dll+0x31b4cb]
V  [jvm.dll+0x7df26b]
V  [jvm.dll+0x7dffa4]
V  [jvm.dll+0x7e04bd]
V  [jvm.dll+0x7e0894]
V  [jvm.dll+0x7e0960]
V  [jvm.dll+0x788bba]
V  [jvm.dll+0x676b35]
C  [ucrtbase.dll+0x21bb2]
C  [KERNEL32.DLL+0x17374]
C  [ntdll.dll+0x4cc91]

VM_Operation (0x0000000e111fd5b0): G1CollectForAllocation, mode: safepoint, requested by thread 0x0000011b5bd08ae0


---------------  P R O C E S S  ---------------

Threads class SMR info:
_java_thread_list=0x0000011b5c741420, length=36, elements={
0x0000011b435bae30, 0x0000011b553f0c80, 0x0000011b553f1af0, 0x0000011b55406860,
0x0000011b55407320, 0x0000011b5540a0f0, 0x0000011b554139c0, 0x0000011b55416fb0,
0x0000011b5541f9b0, 0x0000011b55412680, 0x0000011b55410000, 0x0000011b554134f0,
0x0000011b55411340, 0x0000011b5a657bb0, 0x0000011b55411ce0, 0x0000011b55410e70,
0x0000011b554104d0, 0x0000011b554109a0, 0x0000011b55411810, 0x0000011b554121b0,
0x0000011b55412b50, 0x0000011b5bd0c970, 0x0000011b5bd0ac90, 0x0000011b5bd0ce40,
0x0000011b5bd0d310, 0x0000011b5bd0d7e0, 0x0000011b5bd08ae0, 0x0000011b5bd0b630,
0x0000011b5bd0f990, 0x0000011b5bd0c4a0, 0x0000011b5bd08140, 0x0000011b5bd0dcb0,
0x0000011b5bd09e20, 0x0000011b5bd08fb0, 0x0000011b5bd0b160, 0x0000011b5bd0e650
}

Java Threads: ( => current thread )
  0x0000011b435bae30 JavaThread "main" [_thread_blocked, id=1356, stack(0x0000000e0e600000,0x0000000e0e700000)]
  0x0000011b553f0c80 JavaThread "Reference Handler" daemon [_thread_blocked, id=28728, stack(0x0000000e0ed00000,0x0000000e0ee00000)]
  0x0000011b553f1af0 JavaThread "Finalizer" daemon [_thread_blocked, id=14416, stack(0x0000000e0ee00000,0x0000000e0ef00000)]
  0x0000011b55406860 JavaThread "Signal Dispatcher" daemon [_thread_blocked, id=30428, stack(0x0000000e0ef00000,0x0000000e0f000000)]
  0x0000011b55407320 JavaThread "Attach Listener" daemon [_thread_blocked, id=26336, stack(0x0000000e0f000000,0x0000000e0f100000)]
  0x0000011b5540a0f0 JavaThread "Service Thread" daemon [_thread_blocked, id=27428, stack(0x0000000e0f100000,0x0000000e0f200000)]
  0x0000011b554139c0 JavaThread "Monitor Deflation Thread" daemon [_thread_blocked, id=27856, stack(0x0000000e0f200000,0x0000000e0f300000)]
  0x0000011b55416fb0 JavaThread "C1 CompilerThread0" daemon [_thread_blocked, id=20152, stack(0x0000000e0f300000,0x0000000e0f400000)]
  0x0000011b5541f9b0 JavaThread "Sweeper thread" daemon [_thread_blocked, id=12984, stack(0x0000000e0f400000,0x0000000e0f500000)]
  0x0000011b55412680 JavaThread "Common-Cleaner" daemon [_thread_blocked, id=19720, stack(0x0000000e0f500000,0x0000000e0f600000)]
  0x0000011b55410000 JavaThread "Monitor Ctrl-Break" daemon [_thread_in_native, id=30248, stack(0x0000000e0f600000,0x0000000e0f700000)]
  0x0000011b554134f0 JavaThread "Notification Thread" daemon [_thread_blocked, id=10260, stack(0x0000000e0f700000,0x0000000e0f800000)]
  0x0000011b55411340 JavaThread "RMI TCP Accept-0" daemon [_thread_in_native, id=30692, stack(0x0000000e0f800000,0x0000000e0f900000)]
  0x0000011b5a657bb0 JavaThread "C1 CompilerThread1" daemon [_thread_blocked, id=22020, stack(0x0000000e0fa00000,0x0000000e0fb00000)]
  0x0000011b55411ce0 JavaThread "Catalina-utility-1" [_thread_blocked, id=8152, stack(0x0000000e10400000,0x0000000e10500000)]
  0x0000011b55410e70 JavaThread "Catalina-utility-2" [_thread_blocked, id=10740, stack(0x0000000e10500000,0x0000000e10600000)]
  0x0000011b554104d0 JavaThread "container-0" [_thread_blocked, id=22328, stack(0x0000000e10600000,0x0000000e10700000)]
  0x0000011b554109a0 JavaThread "mysql-cj-abandoned-connection-cleanup" daemon [_thread_blocked, id=26216, stack(0x0000000e10700000,0x0000000e10800000)]
  0x0000011b55411810 JavaThread "RMI TCP Connection(1)-172.18.96.1" daemon [_thread_in_native, id=2596, stack(0x0000000e10800000,0x0000000e10900000)]
  0x0000011b554121b0 JavaThread "RMI Scheduler(0)" daemon [_thread_blocked, id=22340, stack(0x0000000e10900000,0x0000000e10a00000)]
  0x0000011b55412b50 JavaThread "HikariPool-1 housekeeper" daemon [_thread_blocked, id=10552, stack(0x0000000e10b00000,0x0000000e10c00000)]
  0x0000011b5bd0c970 JavaThread "java-sdk-http-connection-reaper" daemon [_thread_blocked, id=10192, stack(0x0000000e10d00000,0x0000000e10e00000)]
  0x0000011b5bd0ac90 JavaThread "ClassGraph-worker-126" daemon [_thread_blocked, id=22848, stack(0x0000000e10c00000,0x0000000e10d00000)]
  0x0000011b5bd0ce40 JavaThread "ClassGraph-worker-127" daemon [_thread_blocked, id=24476, stack(0x0000000e10e00000,0x0000000e10f00000)]
  0x0000011b5bd0d310 JavaThread "ClassGraph-worker-128" daemon [_thread_blocked, id=8104, stack(0x0000000e10f00000,0x0000000e11000000)]
  0x0000011b5bd0d7e0 JavaThread "ClassGraph-worker-129" daemon [_thread_blocked, id=18772, stack(0x0000000e11000000,0x0000000e11100000)]
  0x0000011b5bd08ae0 JavaThread "ClassGraph-worker-130" daemon [_thread_blocked, id=24360, stack(0x0000000e11100000,0x0000000e11200000)]
  0x0000011b5bd0b630 JavaThread "ClassGraph-worker-131" daemon [_thread_blocked, id=22644, stack(0x0000000e11200000,0x0000000e11300000)]
  0x0000011b5bd0f990 JavaThread "ClassGraph-worker-132" daemon [_thread_blocked, id=24180, stack(0x0000000e11300000,0x0000000e11400000)]
  0x0000011b5bd0c4a0 JavaThread "ClassGraph-worker-133" daemon [_thread_blocked, id=5456, stack(0x0000000e11400000,0x0000000e11500000)]
  0x0000011b5bd08140 JavaThread "ClassGraph-worker-134" daemon [_thread_blocked, id=28120, stack(0x0000000e11500000,0x0000000e11600000)]
  0x0000011b5bd0dcb0 JavaThread "ClassGraph-worker-135" daemon [_thread_blocked, id=26860, stack(0x0000000e11600000,0x0000000e11700000)]
  0x0000011b5bd09e20 JavaThread "ClassGraph-worker-136" daemon [_thread_blocked, id=25440, stack(0x0000000e11700000,0x0000000e11800000)]
  0x0000011b5bd08fb0 JavaThread "ClassGraph-worker-137" daemon [_thread_blocked, id=8668, stack(0x0000000e11800000,0x0000000e11900000)]
  0x0000011b5bd0b160 JavaThread "ClassGraph-worker-138" daemon [_thread_blocked, id=24928, stack(0x0000000e11900000,0x0000000e11a00000)]
  0x0000011b5bd0e650 JavaThread "ClassGraph-worker-139" daemon [_thread_blocked, id=17292, stack(0x0000000e11a00000,0x0000000e11b00000)]

Other Threads:
=>0x0000011b553eba30 VMThread "VM Thread" [stack: 0x0000000e0ec00000,0x0000000e0ed00000] [id=1640]
  0x0000011b5a36bfb0 WatcherThread [stack: 0x0000000e0f900000,0x0000000e0fa00000] [id=20664]
  0x0000011b43615dc0 GCTaskThread "GC Thread#0" [stack: 0x0000000e0e700000,0x0000000e0e800000] [id=25988]
  0x0000011b5a6efa30 GCTaskThread "GC Thread#1" [stack: 0x0000000e0fb00000,0x0000000e0fc00000] [id=27220]
  0x0000011b5a6efce0 GCTaskThread "GC Thread#2" [stack: 0x0000000e0fc00000,0x0000000e0fd00000] [id=24804]
  0x0000011b5a741fe0 GCTaskThread "GC Thread#3" [stack: 0x0000000e0fd00000,0x0000000e0fe00000] [id=25272]
  0x0000011b5a742290 GCTaskThread "GC Thread#4" [stack: 0x0000000e0fe00000,0x0000000e0ff00000] [id=19876]
  0x0000011b5a742540 GCTaskThread "GC Thread#5" [stack: 0x0000000e0ff00000,0x0000000e10000000] [id=30316]
  0x0000011b5a743080 GCTaskThread "GC Thread#6" [stack: 0x0000000e10000000,0x0000000e10100000] [id=25052]
  0x0000011b5a8f5ff0 GCTaskThread "GC Thread#7" [stack: 0x0000000e10300000,0x0000000e10400000] [id=7584]
  0x0000011b43627810 ConcurrentGCThread "G1 Main Marker" [stack: 0x0000000e0e800000,0x0000000e0e900000] [id=27524]
  0x0000011b436289c0 ConcurrentGCThread "G1 Conc#0" [stack: 0x0000000e0e900000,0x0000000e0ea00000] [id=7152]
  0x0000011b5aedbe20 ConcurrentGCThread "G1 Conc#1" [stack: 0x0000000e10200000,0x0000000e10300000] [id=28824]
  0x0000011b4366e780 ConcurrentGCThread "G1 Refine#0" [stack: 0x0000000e0ea00000,0x0000000e0eb00000] [id=25280]
  0x0000011b5a6cd1b0 ConcurrentGCThread "G1 Refine#1" [stack: 0x0000000e10100000,0x0000000e10200000] [id=21624]
  0x0000011b552a4340 ConcurrentGCThread "G1 Service" [stack: 0x0000000e0eb00000,0x0000000e0ec00000] [id=23516]

Threads with active compile tasks:

VM state: at safepoint (normal execution)

VM Mutex/Monitor currently owned by a thread:  ([mutex/lock_event])
[0x0000011b435b82d0] Threads_lock - owner thread: 0x0000011b553eba30
[0x0000011b435b7310] Heap_lock - owner thread: 0x0000011b5bd08ae0

Heap address: 0x0000000082800000, size: 2008 MB, Compressed Oops mode: 32-bit

CDS archive(s) mapped at: [0x0000011b00000000-0x0000011b00bd0000-0x0000011b00bd0000), size 12386304, SharedBaseAddress: 0x0000011b00000000, ArchiveRelocationMode: 1.
Compressed class space mapped at: 0x0000011b01000000-0x0000011b41000000, reserved size: 1073741824
Narrow klass base: 0x0000011b00000000, Narrow klass shift: 0, Narrow klass range: 0x100000000

GC Precious Log:
 CPUs: 8 total, 8 available
 Memory: 8029M
 Large Page Support: Disabled
 NUMA Support: Disabled
 Compressed Oops: Enabled (32-bit)
 Heap Region Size: 1M
 Heap Min Capacity: 8M
 Heap Initial Capacity: 126M
 Heap Max Capacity: 2008M
 Pre-touch: Disabled
 Parallel Workers: 8
 Concurrent Workers: 2
 Concurrent Refinement Workers: 8
 Periodic GC: Disabled

Heap:
 garbage-first heap   total 143360K, used 79827K [0x0000000082800000, 0x0000000100000000)
  region size 1024K, 5 young (5120K), 5 survivors (5120K)
 Metaspace       used 79359K, committed 80064K, reserved 1179648K
  class space    used 11498K, committed 11840K, reserved 1048576K

Heap Regions: E=young(eden), S=young(survivor), O=old, HS=humongous(starts), HC=humongous(continues), CS=collection set, F=free, OA=open archive, CA=closed archive, TAMS=top-at-mark-start (previous, next)
|   0|0x0000000082800000, 0x0000000082900000, 0x0000000082900000|100%|HS|  |TAMS 0x0000000082900000, 0x0000000082900000| Complete 
|   1|0x0000000082900000, 0x0000000082a00000, 0x0000000082a00000|100%| O|  |TAMS 0x0000000082a00000, 0x0000000082a00000| Untracked 
|   2|0x0000000082a00000, 0x0000000082b00000, 0x0000000082b00000|100%| O|  |TAMS 0x0000000082b00000, 0x0000000082b00000| Untracked 
|   3|0x0000000082b00000, 0x0000000082c00000, 0x0000000082c00000|100%| O|  |TAMS 0x0000000082c00000, 0x0000000082c00000| Untracked 
|   4|0x0000000082c00000, 0x0000000082d00000, 0x0000000082d00000|100%| O|  |TAMS 0x0000000082d00000, 0x0000000082d00000| Untracked 
|   5|0x0000000082d00000, 0x0000000082e00000, 0x0000000082e00000|100%| O|  |TAMS 0x0000000082e00000, 0x0000000082e00000| Untracked 
|   6|0x0000000082e00000, 0x0000000082f00000, 0x0000000082f00000|100%| O|  |TAMS 0x0000000082f00000, 0x0000000082f00000| Untracked 
|   7|0x0000000082f00000, 0x0000000083000000, 0x0000000083000000|100%| O|  |TAMS 0x0000000083000000, 0x0000000083000000| Untracked 
|   8|0x0000000083000000, 0x0000000083100000, 0x0000000083100000|100%| O|  |TAMS 0x0000000083100000, 0x0000000083100000| Untracked 
|   9|0x0000000083100000, 0x0000000083200000, 0x0000000083200000|100%| O|  |TAMS 0x0000000083200000, 0x0000000083200000| Untracked 
|  10|0x0000000083200000, 0x0000000083300000, 0x0000000083300000|100%| O|  |TAMS 0x0000000083300000, 0x0000000083300000| Untracked 
|  11|0x0000000083300000, 0x0000000083400000, 0x0000000083400000|100%| O|  |TAMS 0x0000000083400000, 0x0000000083400000| Untracked 
|  12|0x0000000083400000, 0x0000000083500000, 0x0000000083500000|100%| O|  |TAMS 0x0000000083500000, 0x0000000083500000| Untracked 
|  13|0x0000000083500000, 0x0000000083600000, 0x0000000083600000|100%| O|  |TAMS 0x0000000083600000, 0x0000000083600000| Untracked 
|  14|0x0000000083600000, 0x0000000083700000, 0x0000000083700000|100%| O|  |TAMS 0x0000000083700000, 0x0000000083700000| Untracked 
|  15|0x0000000083700000, 0x0000000083800000, 0x0000000083800000|100%| O|  |TAMS 0x0000000083800000, 0x0000000083800000| Untracked 
|  16|0x0000000083800000, 0x0000000083900000, 0x0000000083900000|100%| O|  |TAMS 0x0000000083900000, 0x0000000083900000| Untracked 
|  17|0x0000000083900000, 0x0000000083a00000, 0x0000000083a00000|100%| O|  |TAMS 0x0000000083a00000, 0x0000000083a00000| Untracked 
|  18|0x0000000083a00000, 0x0000000083b00000, 0x0000000083b00000|100%| O|  |TAMS 0x0000000083b00000, 0x0000000083b00000| Untracked 
|  19|0x0000000083b00000, 0x0000000083c00000, 0x0000000083c00000|100%| O|  |TAMS 0x0000000083b00000, 0x0000000083c00000| Untracked 
|  20|0x0000000083c00000, 0x0000000083ca7e00, 0x0000000083d00000| 65%| O|  |TAMS 0x0000000083ca7e00, 0x0000000083ca7e00| Untracked 
|  21|0x0000000083d00000, 0x0000000083e00000, 0x0000000083e00000|100%| O|  |TAMS 0x0000000083e00000, 0x0000000083e00000| Untracked 
|  22|0x0000000083e00000, 0x0000000083f00000, 0x0000000083f00000|100%| O|  |TAMS 0x0000000083f00000, 0x0000000083f00000| Untracked 
|  23|0x0000000083f00000, 0x0000000084000000, 0x0000000084000000|100%| O|  |TAMS 0x0000000084000000, 0x0000000084000000| Untracked 
|  24|0x0000000084000000, 0x0000000084100000, 0x0000000084100000|100%| O|  |TAMS 0x0000000084100000, 0x0000000084100000| Untracked 
|  25|0x0000000084100000, 0x0000000084200000, 0x0000000084200000|100%| O|  |TAMS 0x0000000084200000, 0x0000000084200000| Untracked 
|  26|0x0000000084200000, 0x0000000084300000, 0x0000000084300000|100%| O|  |TAMS 0x0000000084300000, 0x0000000084300000| Untracked 
|  27|0x0000000084300000, 0x0000000084400000, 0x0000000084400000|100%| O|  |TAMS 0x0000000084400000, 0x0000000084400000| Untracked 
|  28|0x0000000084400000, 0x0000000084500000, 0x0000000084500000|100%| O|  |TAMS 0x0000000084500000, 0x0000000084500000| Untracked 
|  29|0x0000000084500000, 0x0000000084600000, 0x0000000084600000|100%| O|  |TAMS 0x0000000084600000, 0x0000000084600000| Untracked 
|  30|0x0000000084600000, 0x0000000084700000, 0x0000000084700000|100%| O|  |TAMS 0x0000000084700000, 0x0000000084700000| Untracked 
|  31|0x0000000084700000, 0x0000000084800000, 0x0000000084800000|100%| O|  |TAMS 0x0000000084800000, 0x0000000084800000| Untracked 
|  32|0x0000000084800000, 0x0000000084900000, 0x0000000084900000|100%| O|  |TAMS 0x0000000084900000, 0x0000000084900000| Untracked 
|  33|0x0000000084900000, 0x0000000084a00000, 0x0000000084a00000|100%| O|  |TAMS 0x0000000084a00000, 0x0000000084a00000| Untracked 
|  34|0x0000000084a00000, 0x0000000084b00000, 0x0000000084b00000|100%| O|  |TAMS 0x0000000084b00000, 0x0000000084b00000| Untracked 
|  35|0x0000000084b00000, 0x0000000084c00000, 0x0000000084c00000|100%| O|  |TAMS 0x0000000084c00000, 0x0000000084c00000| Untracked 
|  36|0x0000000084c00000, 0x0000000084d00000, 0x0000000084d00000|100%| O|  |TAMS 0x0000000084d00000, 0x0000000084d00000| Untracked 
|  37|0x0000000084d00000, 0x0000000084e00000, 0x0000000084e00000|100%| O|  |TAMS 0x0000000084e00000, 0x0000000084e00000| Untracked 
|  38|0x0000000084e00000, 0x0000000084f00000, 0x0000000084f00000|100%| O|  |TAMS 0x0000000084f00000, 0x0000000084f00000| Untracked 
|  39|0x0000000084f00000, 0x0000000085000000, 0x0000000085000000|100%| O|  |TAMS 0x0000000085000000, 0x0000000085000000| Untracked 
|  40|0x0000000085000000, 0x0000000085100000, 0x0000000085100000|100%| O|  |TAMS 0x0000000085100000, 0x0000000085100000| Untracked 
|  41|0x0000000085100000, 0x0000000085200000, 0x0000000085200000|100%| O|  |TAMS 0x0000000085200000, 0x0000000085200000| Untracked 
|  42|0x0000000085200000, 0x0000000085300000, 0x0000000085300000|100%| O|  |TAMS 0x0000000085300000, 0x0000000085300000| Untracked 
|  43|0x0000000085300000, 0x0000000085400000, 0x0000000085400000|100%| O|  |TAMS 0x0000000085400000, 0x0000000085400000| Untracked 
|  44|0x0000000085400000, 0x0000000085500000, 0x0000000085500000|100%|HS|  |TAMS 0x0000000085400000, 0x0000000085500000| Complete 
|  45|0x0000000085500000, 0x0000000085600000, 0x0000000085600000|100%| O|  |TAMS 0x0000000085600000, 0x0000000085600000| Untracked 
|  46|0x0000000085600000, 0x0000000085700000, 0x0000000085700000|100%| O|  |TAMS 0x0000000085700000, 0x0000000085700000| Untracked 
|  47|0x0000000085700000, 0x0000000085800000, 0x0000000085800000|100%| O|  |TAMS 0x0000000085700000, 0x0000000085700000| Untracked 
|  48|0x0000000085800000, 0x0000000085900000, 0x0000000085900000|100%| O|  |TAMS 0x0000000085800000, 0x0000000085900000| Untracked 
|  49|0x0000000085900000, 0x0000000085a00000, 0x0000000085a00000|100%| O|  |TAMS 0x0000000085900000, 0x0000000085900000| Untracked 
|  50|0x0000000085a00000, 0x0000000085b00000, 0x0000000085b00000|100%| O|  |TAMS 0x0000000085a00000, 0x0000000085a00000| Untracked 
|  51|0x0000000085b00000, 0x0000000085c00000, 0x0000000085c00000|100%| O|  |TAMS 0x0000000085b00000, 0x0000000085b00000| Untracked 
|  52|0x0000000085c00000, 0x0000000085c4d000, 0x0000000085d00000| 30%| O|  |TAMS 0x0000000085c00000, 0x0000000085c00000| Untracked 
|  53|0x0000000085d00000, 0x0000000085d00000, 0x0000000085e00000|  0%| F|  |TAMS 0x0000000085d00000, 0x0000000085d00000| Untracked 
|  54|0x0000000085e00000, 0x0000000085f00000, 0x0000000085f00000|100%| O|  |TAMS 0x0000000085e00000, 0x0000000085f00000| Untracked 
|  55|0x0000000085f00000, 0x0000000085f00000, 0x0000000086000000|  0%| F|  |TAMS 0x0000000085f00000, 0x0000000085f00000| Untracked 
|  56|0x0000000086000000, 0x0000000086100000, 0x0000000086100000|100%| O|  |TAMS 0x0000000086100000, 0x0000000086100000| Untracked 
|  57|0x0000000086100000, 0x0000000086200000, 0x0000000086200000|100%| O|  |TAMS 0x0000000086200000, 0x0000000086200000| Untracked 
|  58|0x0000000086200000, 0x0000000086300000, 0x0000000086300000|100%| O|  |TAMS 0x0000000086300000, 0x0000000086300000| Untracked 
|  59|0x0000000086300000, 0x0000000086400000, 0x0000000086400000|100%| O|  |TAMS 0x0000000086400000, 0x0000000086400000| Untracked 
|  60|0x0000000086400000, 0x0000000086500000, 0x0000000086500000|100%| O|  |TAMS 0x0000000086500000, 0x0000000086500000| Untracked 
|  61|0x0000000086500000, 0x0000000086600000, 0x0000000086600000|100%| O|  |TAMS 0x0000000086600000, 0x0000000086600000| Untracked 
|  62|0x0000000086600000, 0x0000000086700000, 0x0000000086700000|100%| O|  |TAMS 0x0000000086700000, 0x0000000086700000| Untracked 
|  63|0x0000000086700000, 0x0000000086800000, 0x0000000086800000|100%| O|  |TAMS 0x0000000086800000, 0x0000000086800000| Untracked 
|  64|0x0000000086800000, 0x0000000086900000, 0x0000000086900000|100%| O|  |TAMS 0x0000000086851a00, 0x0000000086900000| Untracked 
|  65|0x0000000086900000, 0x0000000086a00000, 0x0000000086a00000|100%| O|  |TAMS 0x0000000086900000, 0x0000000086a00000| Untracked 
|  66|0x0000000086a00000, 0x0000000086b00000, 0x0000000086b00000|100%| O|  |TAMS 0x0000000086a00000, 0x0000000086b00000| Untracked 
|  67|0x0000000086b00000, 0x0000000086c00000, 0x0000000086c00000|100%| O|  |TAMS 0x0000000086b00000, 0x0000000086c00000| Untracked 
|  68|0x0000000086c00000, 0x0000000086d00000, 0x0000000086d00000|100%| O|  |TAMS 0x0000000086c00000, 0x0000000086d00000| Untracked 
|  69|0x0000000086d00000, 0x0000000086e00000, 0x0000000086e00000|100%| O|  |TAMS 0x0000000086d00000, 0x0000000086e00000| Untracked 
|  70|0x0000000086e00000, 0x0000000086f00000, 0x0000000086f00000|100%| O|  |TAMS 0x0000000086e00000, 0x0000000086f00000| Untracked 
|  71|0x0000000086f00000, 0x0000000087000000, 0x0000000087000000|100%| O|  |TAMS 0x0000000086f00000, 0x0000000087000000| Untracked 
|  72|0x0000000087000000, 0x0000000087100000, 0x0000000087100000|100%| O|  |TAMS 0x0000000087000000, 0x0000000087100000| Untracked 
|  73|0x0000000087100000, 0x0000000087200000, 0x0000000087200000|100%| O|  |TAMS 0x0000000087100000, 0x0000000087200000| Untracked 
|  74|0x0000000087200000, 0x0000000087300000, 0x0000000087300000|100%| O|  |TAMS 0x0000000087200000, 0x0000000087300000| Untracked 
|  75|0x0000000087300000, 0x0000000087400000, 0x0000000087400000|100%| O|  |TAMS 0x0000000087300000, 0x000000008731d000| Untracked 
|  76|0x0000000087400000, 0x0000000087400000, 0x0000000087500000|  0%| F|  |TAMS 0x0000000087400000, 0x0000000087400000| Untracked 
|  77|0x0000000087500000, 0x0000000087500000, 0x0000000087600000|  0%| F|  |TAMS 0x0000000087500000, 0x0000000087500000| Untracked 
|  78|0x0000000087600000, 0x0000000087600000, 0x0000000087700000|  0%| F|  |TAMS 0x0000000087600000, 0x0000000087600000| Untracked 
|  79|0x0000000087700000, 0x0000000087700000, 0x0000000087800000|  0%| F|  |TAMS 0x0000000087700000, 0x0000000087700000| Untracked 
|  80|0x0000000087800000, 0x0000000087800000, 0x0000000087900000|  0%| F|  |TAMS 0x0000000087800000, 0x0000000087800000| Untracked 
|  81|0x0000000087900000, 0x0000000087900000, 0x0000000087a00000|  0%| F|  |TAMS 0x0000000087900000, 0x0000000087900000| Untracked 
|  82|0x0000000087a00000, 0x0000000087a00000, 0x0000000087b00000|  0%| F|  |TAMS 0x0000000087a00000, 0x0000000087a00000| Untracked 
|  83|0x0000000087b00000, 0x0000000087b00000, 0x0000000087c00000|  0%| F|  |TAMS 0x0000000087b00000, 0x0000000087b00000| Untracked 
|  84|0x0000000087c00000, 0x0000000087c00000, 0x0000000087d00000|  0%| F|  |TAMS 0x0000000087c00000, 0x0000000087c00000| Untracked 
|  85|0x0000000087d00000, 0x0000000087d00000, 0x0000000087e00000|  0%| F|  |TAMS 0x0000000087d00000, 0x0000000087d00000| Untracked 
|  86|0x0000000087e00000, 0x0000000087e00000, 0x0000000087f00000|  0%| F|  |TAMS 0x0000000087e00000, 0x0000000087e00000| Untracked 
|  87|0x0000000087f00000, 0x0000000087f00000, 0x0000000088000000|  0%| F|  |TAMS 0x0000000087f00000, 0x0000000087f00000| Untracked 
|  88|0x0000000088000000, 0x0000000088000000, 0x0000000088100000|  0%| F|  |TAMS 0x0000000088000000, 0x0000000088000000| Untracked 
|  89|0x0000000088100000, 0x0000000088100000, 0x0000000088200000|  0%| F|  |TAMS 0x0000000088100000, 0x0000000088100000| Untracked 
|  90|0x0000000088200000, 0x0000000088200000, 0x0000000088300000|  0%| F|  |TAMS 0x0000000088200000, 0x0000000088200000| Untracked 
|  91|0x0000000088300000, 0x0000000088300000, 0x0000000088400000|  0%| F|  |TAMS 0x0000000088300000, 0x0000000088300000| Untracked 
|  92|0x0000000088400000, 0x0000000088400000, 0x0000000088500000|  0%| F|  |TAMS 0x0000000088400000, 0x0000000088400000| Untracked 
|  93|0x0000000088500000, 0x0000000088500000, 0x0000000088600000|  0%| F|  |TAMS 0x0000000088500000, 0x0000000088500000| Untracked 
|  94|0x0000000088600000, 0x0000000088600000, 0x0000000088700000|  0%| F|  |TAMS 0x0000000088600000, 0x0000000088600000| Untracked 
|  95|0x0000000088700000, 0x0000000088700000, 0x0000000088800000|  0%| F|  |TAMS 0x0000000088700000, 0x0000000088700000| Untracked 
|  96|0x0000000088800000, 0x0000000088800000, 0x0000000088900000|  0%| F|  |TAMS 0x0000000088800000, 0x0000000088800000| Untracked 
|  97|0x0000000088900000, 0x0000000088900000, 0x0000000088a00000|  0%| F|  |TAMS 0x0000000088900000, 0x0000000088900000| Untracked 
|  98|0x0000000088a00000, 0x0000000088a00000, 0x0000000088b00000|  0%| F|  |TAMS 0x0000000088a00000, 0x0000000088a00000| Untracked 
|  99|0x0000000088b00000, 0x0000000088b00000, 0x0000000088c00000|  0%| F|  |TAMS 0x0000000088b00000, 0x0000000088b00000| Untracked 
| 100|0x0000000088c00000, 0x0000000088c00000, 0x0000000088d00000|  0%| F|  |TAMS 0x0000000088c00000, 0x0000000088c00000| Untracked 
| 101|0x0000000088d00000, 0x0000000088e00000, 0x0000000088e00000|100%| S|CS|TAMS 0x0000000088d00000, 0x0000000088d00000| Complete 
| 102|0x0000000088e00000, 0x0000000088f00000, 0x0000000088f00000|100%| S|CS|TAMS 0x0000000088e00000, 0x0000000088e00000| Complete 
| 103|0x0000000088f00000, 0x0000000089000000, 0x0000000089000000|100%| S|CS|TAMS 0x0000000088f00000, 0x0000000088f00000| Complete 
| 104|0x0000000089000000, 0x0000000089100000, 0x0000000089100000|100%| S|CS|TAMS 0x0000000089000000, 0x0000000089000000| Complete 
| 105|0x0000000089100000, 0x0000000089200000, 0x0000000089200000|100%| S|CS|TAMS 0x0000000089100000, 0x0000000089100000| Complete 
| 106|0x0000000089200000, 0x0000000089200000, 0x0000000089300000|  0%| F|  |TAMS 0x0000000089200000, 0x0000000089200000| Untracked 
| 107|0x0000000089300000, 0x0000000089300000, 0x0000000089400000|  0%| F|  |TAMS 0x0000000089300000, 0x0000000089300000| Untracked 
| 108|0x0000000089400000, 0x0000000089400000, 0x0000000089500000|  0%| F|  |TAMS 0x0000000089400000, 0x0000000089400000| Untracked 
| 109|0x0000000089500000, 0x0000000089500000, 0x0000000089600000|  0%| F|  |TAMS 0x0000000089500000, 0x0000000089500000| Untracked 
| 110|0x0000000089600000, 0x0000000089600000, 0x0000000089700000|  0%| F|  |TAMS 0x0000000089600000, 0x0000000089600000| Untracked 
| 111|0x0000000089700000, 0x0000000089700000, 0x0000000089800000|  0%| F|  |TAMS 0x0000000089700000, 0x0000000089700000| Untracked 
| 112|0x0000000089800000, 0x0000000089800000, 0x0000000089900000|  0%| F|  |TAMS 0x0000000089800000, 0x0000000089800000| Untracked 
| 113|0x0000000089900000, 0x0000000089900000, 0x0000000089a00000|  0%| F|  |TAMS 0x0000000089900000, 0x0000000089900000| Untracked 
| 114|0x0000000089a00000, 0x0000000089a00000, 0x0000000089b00000|  0%| F|  |TAMS 0x0000000089a00000, 0x0000000089a00000| Untracked 
| 115|0x0000000089b00000, 0x0000000089b00000, 0x0000000089c00000|  0%| F|  |TAMS 0x0000000089b00000, 0x0000000089b00000| Untracked 
| 116|0x0000000089c00000, 0x0000000089c00000, 0x0000000089d00000|  0%| F|  |TAMS 0x0000000089c00000, 0x0000000089c00000| Untracked 
| 117|0x0000000089d00000, 0x0000000089d00000, 0x0000000089e00000|  0%| F|  |TAMS 0x0000000089d00000, 0x0000000089d00000| Untracked 
| 118|0x0000000089e00000, 0x0000000089e00000, 0x0000000089f00000|  0%| F|  |TAMS 0x0000000089e00000, 0x0000000089e00000| Untracked 
| 119|0x0000000089f00000, 0x0000000089f00000, 0x000000008a000000|  0%| F|  |TAMS 0x0000000089f00000, 0x0000000089f00000| Untracked 
| 120|0x000000008a000000, 0x000000008a000000, 0x000000008a100000|  0%| F|  |TAMS 0x000000008a000000, 0x000000008a000000| Untracked 
| 121|0x000000008a100000, 0x000000008a100000, 0x000000008a200000|  0%| F|  |TAMS 0x000000008a100000, 0x000000008a100000| Untracked 
| 122|0x000000008a200000, 0x000000008a200000, 0x000000008a300000|  0%| F|  |TAMS 0x000000008a200000, 0x000000008a200000| Untracked 
| 123|0x000000008a300000, 0x000000008a300000, 0x000000008a400000|  0%| F|  |TAMS 0x000000008a300000, 0x000000008a300000| Untracked 
| 124|0x000000008a400000, 0x000000008a400000, 0x000000008a500000|  0%| F|  |TAMS 0x000000008a400000, 0x000000008a400000| Untracked 
| 125|0x000000008a500000, 0x000000008a500000, 0x000000008a600000|  0%| F|  |TAMS 0x000000008a500000, 0x000000008a500000| Untracked 
| 126|0x000000008a600000, 0x000000008a600000, 0x000000008a700000|  0%| F|  |TAMS 0x000000008a600000, 0x000000008a600000| Untracked 
| 127|0x000000008a700000, 0x000000008a700000, 0x000000008a800000|  0%| F|  |TAMS 0x000000008a700000, 0x000000008a700000| Untracked 
| 128|0x000000008a800000, 0x000000008a800000, 0x000000008a900000|  0%| F|  |TAMS 0x000000008a800000, 0x000000008a800000| Untracked 
| 129|0x000000008a900000, 0x000000008a900000, 0x000000008aa00000|  0%| F|  |TAMS 0x000000008a900000, 0x000000008a900000| Untracked 
| 130|0x000000008aa00000, 0x000000008aa00000, 0x000000008ab00000|  0%| F|  |TAMS 0x000000008aa00000, 0x000000008aa00000| Untracked 
| 131|0x000000008ab00000, 0x000000008ab00000, 0x000000008ac00000|  0%| F|  |TAMS 0x000000008ab00000, 0x000000008ab00000| Untracked 
| 132|0x000000008ac00000, 0x000000008ac00000, 0x000000008ad00000|  0%| F|  |TAMS 0x000000008ac00000, 0x000000008ac00000| Untracked 
| 133|0x000000008ad00000, 0x000000008ad00000, 0x000000008ae00000|  0%| F|  |TAMS 0x000000008ad00000, 0x000000008ad00000| Untracked 
| 134|0x000000008ae00000, 0x000000008ae00000, 0x000000008af00000|  0%| F|  |TAMS 0x000000008ae00000, 0x000000008ae00000| Untracked 
| 135|0x000000008af00000, 0x000000008af00000, 0x000000008b000000|  0%| F|  |TAMS 0x000000008af00000, 0x000000008af00000| Untracked 
| 136|0x000000008b000000, 0x000000008b000000, 0x000000008b100000|  0%| F|  |TAMS 0x000000008b000000, 0x000000008b000000| Untracked 
| 137|0x000000008b100000, 0x000000008b100000, 0x000000008b200000|  0%| F|  |TAMS 0x000000008b100000, 0x000000008b100000| Untracked 
| 138|0x000000008b200000, 0x000000008b200000, 0x000000008b300000|  0%| F|  |TAMS 0x000000008b200000, 0x000000008b200000| Untracked 
| 139|0x000000008b300000, 0x000000008b300000, 0x000000008b400000|  0%| F|  |TAMS 0x000000008b300000, 0x000000008b300000| Untracked 

Card table byte_map: [0x0000011b4e340000,0x0000011b4e730000] _byte_map_base: 0x0000011b4df2c000

Marking Bits (Prev, Next): (CMBitMap*) 0x0000011b436163d0, (CMBitMap*) 0x0000011b43616410
 Prev Bits: [0x0000011b4eb20000, 0x0000011b50a80000)
 Next Bits: [0x0000011b50a80000, 0x0000011b529e0000)

Polling page: 0x0000011b41510000

Metaspace:

Usage:
  Non-class:     66.27 MB used.
      Class:     11.23 MB used.
       Both:     77.50 MB used.

Virtual space:
  Non-class space:      128.00 MB reserved,      66.62 MB ( 52%) committed,  2 nodes.
      Class space:        1.00 GB reserved,      11.56 MB (  1%) committed,  1 nodes.
             Both:        1.12 GB reserved,      78.19 MB (  7%) committed. 

Chunk freelists:
   Non-Class:  13.16 MB
       Class:  4.31 MB
        Both:  17.47 MB

MaxMetaspaceSize: unlimited
CompressedClassSpaceSize: 1.00 GB
Initial GC threshold: 21.00 MB
Current GC threshold: 130.31 MB
CDS: on
MetaspaceReclaimPolicy: balanced
 - commit_granule_bytes: 65536.
 - commit_granule_words: 8192.
 - virtual_space_node_default_size: 8388608.
 - enlarge_chunks_in_place: 1.
 - new_chunks_are_fully_committed: 0.
 - uncommit_free_chunks: 1.
 - use_allocation_guard: 0.
 - handle_deallocations: 1.


Internal statistics:

num_allocs_failed_limit: 9.
num_arena_births: 928.
num_arena_deaths: 0.
num_vsnodes_births: 3.
num_vsnodes_deaths: 0.
num_space_committed: 1251.
num_space_uncommitted: 0.
num_chunks_returned_to_freelist: 9.
num_chunks_taken_from_freelist: 3767.
num_chunk_merges: 9.
num_chunk_splits: 2755.
num_chunks_enlarged: 2141.
num_purges: 0.
num_inconsistent_stats: 0.

CodeCache: size=49152Kb used=14810Kb max_used=14810Kb free=34341Kb
 bounds [0x0000011b4ae40000, 0x0000011b4bcc0000, 0x0000011b4de40000]
 total_blobs=8892 nmethods=8174 adapters=643
 compilation: enabled
              stopped_count=0, restarted_count=0
 full_count=0

Compilation events (20 events):
Event: 15.411 Thread 0x0000011b5a657bb0 8165       1       java.util.concurrent.AbstractExecutorService::submit (25 bytes)
Event: 15.411 Thread 0x0000011b55416fb0 8166       1       java.util.concurrent.AbstractExecutorService::newTaskFor (9 bytes)
Event: 15.412 Thread 0x0000011b5a657bb0 nmethod 8165 0x0000011b4bcb0a90 code [0x0000011b4bcb0c40, 0x0000011b4bcb0e08]
Event: 15.412 Thread 0x0000011b55416fb0 nmethod 8166 0x0000011b4bcb0f10 code [0x0000011b4bcb10c0, 0x0000011b4bcb12e8]
Event: 15.412 Thread 0x0000011b5a657bb0 8167       1       java.util.concurrent.ThreadPoolExecutor::execute (132 bytes)
Event: 15.412 Thread 0x0000011b5a657bb0 nmethod 8167 0x0000011b4bcb1390 code [0x0000011b4bcb15c0, 0x0000011b4bcb19e8]
Event: 15.414 Thread 0x0000011b5a657bb0 8168   !   1       java.util.concurrent.ThreadPoolExecutor::addWorker (289 bytes)
Event: 15.416 Thread 0x0000011b5a657bb0 nmethod 8168 0x0000011b4bcb1c10 code [0x0000011b4bcb1ec0, 0x0000011b4bcb28c8]
Event: 15.416 Thread 0x0000011b5a657bb0 8169       1       java.util.IdentityHashMap::<init> (44 bytes)
Event: 15.416 Thread 0x0000011b55416fb0 8170       1       java.util.IdentityHashMap::capacity (29 bytes)
Event: 15.416 Thread 0x0000011b55416fb0 nmethod 8170 0x0000011b4bcb3310 code [0x0000011b4bcb34a0, 0x0000011b4bcb35a8]
Event: 15.417 Thread 0x0000011b5a657bb0 nmethod 8169 0x0000011b4bcb3690 code [0x0000011b4bcb3880, 0x0000011b4bcb3dc8]
Event: 15.417 Thread 0x0000011b5a657bb0 8171   !   1       nonapi.io.github.classgraph.concurrency.WorkQueue::runWorkLoop (126 bytes)
Event: 15.418 Thread 0x0000011b5a657bb0 nmethod 8171 0x0000011b4bcb4010 code [0x0000011b4bcb4260, 0x0000011b4bcb4938]
Event: 15.466 Thread 0x0000011b5a657bb0 8172       1       nonapi.io.github.classgraph.recycler.Recycler::acquire (53 bytes)
Event: 15.467 Thread 0x0000011b55416fb0 8173   !   1       nonapi.io.github.classgraph.fileslice.Slice$1::close (28 bytes)
Event: 15.467 Thread 0x0000011b5a657bb0 nmethod 8172 0x0000011b4bcb4f10 code [0x0000011b4bcb50c0, 0x0000011b4bcb5368]
Event: 15.467 Thread 0x0000011b5a657bb0 8174       1       nonapi.io.github.classgraph.recycler.Recycler::recycle (67 bytes)
Event: 15.467 Thread 0x0000011b5a657bb0 nmethod 8174 0x0000011b4bcb5510 code [0x0000011b4bcb5700, 0x0000011b4bcb5aa8]
Event: 15.468 Thread 0x0000011b55416fb0 nmethod 8173 0x0000011b4bcb5c90 code [0x0000011b4bcb5ea0, 0x0000011b4bcb6488]

GC Heap History (20 events):
Event: 14.037 GC heap after
{Heap after GC invocations=20 (full 0):
 garbage-first heap   total 86016K, used 43777K [0x0000000082800000, 0x0000000100000000)
  region size 1024K, 4 young (4096K), 4 survivors (4096K)
 Metaspace       used 78516K, committed 79232K, reserved 1179648K
  class space    used 11386K, committed 11712K, reserved 1048576K
}
Event: 14.282 GC heap before
{Heap before GC invocations=21 (full 0):
 garbage-first heap   total 86016K, used 50945K [0x0000000082800000, 0x0000000100000000)
  region size 1024K, 12 young (12288K), 4 survivors (4096K)
 Metaspace       used 79225K, committed 79872K, reserved 1179648K
  class space    used 11479K, committed 11776K, reserved 1048576K
}
Event: 14.289 GC heap after
{Heap after GC invocations=22 (full 0):
 garbage-first heap   total 86016K, used 44762K [0x0000000082800000, 0x0000000100000000)
  region size 1024K, 3 young (3072K), 3 survivors (3072K)
 Metaspace       used 79225K, committed 79872K, reserved 1179648K
  class space    used 11479K, committed 11776K, reserved 1048576K
}
Event: 14.482 GC heap before
{Heap before GC invocations=23 (full 0):
 garbage-first heap   total 96256K, used 69338K [0x0000000082800000, 0x0000000100000000)
  region size 1024K, 27 young (27648K), 3 survivors (3072K)
 Metaspace       used 79252K, committed 79872K, reserved 1179648K
  class space    used 11483K, committed 11776K, reserved 1048576K
}
Event: 14.488 GC heap after
{Heap after GC invocations=24 (full 0):
 garbage-first heap   total 96256K, used 49487K [0x0000000082800000, 0x0000000100000000)
  region size 1024K, 4 young (4096K), 4 survivors (4096K)
 Metaspace       used 79252K, committed 79872K, reserved 1179648K
  class space    used 11483K, committed 11776K, reserved 1048576K
}
Event: 14.589 GC heap before
{Heap before GC invocations=24 (full 0):
 garbage-first heap   total 96256K, used 74063K [0x0000000082800000, 0x0000000100000000)
  region size 1024K, 29 young (29696K), 4 survivors (4096K)
 Metaspace       used 79265K, committed 79936K, reserved 1179648K
  class space    used 11485K, committed 11776K, reserved 1048576K
}
Event: 14.597 GC heap after
{Heap after GC invocations=25 (full 0):
 garbage-first heap   total 116736K, used 57220K [0x0000000082800000, 0x0000000100000000)
  region size 1024K, 4 young (4096K), 4 survivors (4096K)
 Metaspace       used 79265K, committed 79936K, reserved 1179648K
  class space    used 11485K, committed 11776K, reserved 1048576K
}
Event: 14.749 GC heap before
{Heap before GC invocations=26 (full 0):
 garbage-first heap   total 116736K, used 66436K [0x0000000082800000, 0x0000000100000000)
  region size 1024K, 15 young (15360K), 4 survivors (4096K)
 Metaspace       used 79346K, committed 80064K, reserved 1179648K
  class space    used 11496K, committed 11840K, reserved 1048576K
}
Event: 14.755 GC heap after
{Heap after GC invocations=27 (full 0):
 garbage-first heap   total 116736K, used 60105K [0x0000000082800000, 0x0000000100000000)
  region size 1024K, 3 young (3072K), 3 survivors (3072K)
 Metaspace       used 79346K, committed 80064K, reserved 1179648K
  class space    used 11496K, committed 11840K, reserved 1048576K
}
Event: 14.895 GC heap before
{Heap before GC invocations=28 (full 0):
 garbage-first heap   total 128000K, used 84681K [0x0000000082800000, 0x0000000100000000)
  region size 1024K, 26 young (26624K), 3 survivors (3072K)
 Metaspace       used 79346K, committed 80064K, reserved 1179648K
  class space    used 11496K, committed 11840K, reserved 1048576K
}
Event: 14.901 GC heap after
{Heap after GC invocations=29 (full 0):
 garbage-first heap   total 128000K, used 64957K [0x0000000082800000, 0x0000000100000000)
  region size 1024K, 4 young (4096K), 4 survivors (4096K)
 Metaspace       used 79346K, committed 80064K, reserved 1179648K
  class space    used 11496K, committed 11840K, reserved 1048576K
}
Event: 14.912 GC heap before
{Heap before GC invocations=29 (full 0):
 garbage-first heap   total 128000K, used 67005K [0x0000000082800000, 0x0000000100000000)
  region size 1024K, 6 young (6144K), 4 survivors (4096K)
 Metaspace       used 79346K, committed 80064K, reserved 1179648K
  class space    used 11496K, committed 11840K, reserved 1048576K
}
Event: 14.917 GC heap after
{Heap after GC invocations=30 (full 0):
 garbage-first heap   total 128000K, used 65510K [0x0000000082800000, 0x0000000100000000)
  region size 1024K, 1 young (1024K), 1 survivors (1024K)
 Metaspace       used 79346K, committed 80064K, reserved 1179648K
  class space    used 11496K, committed 11840K, reserved 1048576K
}
Event: 15.036 GC heap before
{Heap before GC invocations=30 (full 0):
 garbage-first heap   total 128000K, used 92134K [0x0000000082800000, 0x0000000100000000)
  region size 1024K, 28 young (28672K), 1 survivors (1024K)
 Metaspace       used 79347K, committed 80064K, reserved 1179648K
  class space    used 11496K, committed 11840K, reserved 1048576K
}
Event: 15.043 GC heap after
{Heap after GC invocations=31 (full 0):
 garbage-first heap   total 128000K, used 73262K [0x0000000082800000, 0x0000000100000000)
  region size 1024K, 4 young (4096K), 4 survivors (4096K)
 Metaspace       used 79347K, committed 80064K, reserved 1179648K
  class space    used 11496K, committed 11840K, reserved 1048576K
}
Event: 15.204 GC heap before
{Heap before GC invocations=32 (full 0):
 garbage-first heap   total 143360K, used 93742K [0x0000000082800000, 0x0000000100000000)
  region size 1024K, 26 young (26624K), 4 survivors (4096K)
 Metaspace       used 79347K, committed 80064K, reserved 1179648K
  class space    used 11496K, committed 11840K, reserved 1048576K
}
Event: 15.210 GC heap after
{Heap after GC invocations=33 (full 0):
 garbage-first heap   total 143360K, used 76375K [0x0000000082800000, 0x0000000100000000)
  region size 1024K, 4 young (4096K), 4 survivors (4096K)
 Metaspace       used 79347K, committed 80064K, reserved 1179648K
  class space    used 11496K, committed 11840K, reserved 1048576K
}
Event: 15.225 GC heap before
{Heap before GC invocations=33 (full 0):
 garbage-first heap   total 143360K, used 78423K [0x0000000082800000, 0x0000000100000000)
  region size 1024K, 7 young (7168K), 4 survivors (4096K)
 Metaspace       used 79347K, committed 80064K, reserved 1179648K
  class space    used 11496K, committed 11840K, reserved 1048576K
}
Event: 15.228 GC heap after
{Heap after GC invocations=34 (full 0):
 garbage-first heap   total 143360K, used 69302K [0x0000000082800000, 0x0000000100000000)
  region size 1024K, 1 young (1024K), 1 survivors (1024K)
 Metaspace       used 79347K, committed 80064K, reserved 1179648K
  class space    used 11496K, committed 11840K, reserved 1048576K
}
Event: 15.469 GC heap before
{Heap before GC invocations=34 (full 0):
 garbage-first heap   total 143360K, used 103094K [0x0000000082800000, 0x0000000100000000)
  region size 1024K, 34 young (34816K), 1 survivors (1024K)
 Metaspace       used 79359K, committed 80064K, reserved 1179648K
  class space    used 11498K, committed 11840K, reserved 1048576K
}

Deoptimization events (20 events):
Event: 2.395 Thread 0x0000011b435bae30 DEOPT PACKING pc=0x0000011b4b2bd899 sp=0x0000000e0e6fd670
Event: 2.395 Thread 0x0000011b435bae30 DEOPT UNPACKING pc=0x0000011b4ae92b43 sp=0x0000000e0e6fcb50 mode 3
Event: 2.503 Thread 0x0000011b435bae30 DEOPT PACKING pc=0x0000011b4b2f44d5 sp=0x0000000e0e6fedb0
Event: 2.503 Thread 0x0000011b435bae30 DEOPT UNPACKING pc=0x0000011b4ae92b43 sp=0x0000000e0e6fe258 mode 3
Event: 5.078 Thread 0x0000011b435bae30 DEOPT PACKING pc=0x0000011b4b586199 sp=0x0000000e0e6fd130
Event: 5.079 Thread 0x0000011b435bae30 DEOPT UNPACKING pc=0x0000011b4ae92b43 sp=0x0000000e0e6fc610 mode 3
Event: 5.267 Thread 0x0000011b435bae30 DEOPT PACKING pc=0x0000011b4b4bd76c sp=0x0000000e0e6fd450
Event: 5.268 Thread 0x0000011b435bae30 DEOPT UNPACKING pc=0x0000011b4ae92b43 sp=0x0000000e0e6fc908 mode 0
Event: 6.553 Thread 0x0000011b435bae30 DEOPT PACKING pc=0x0000011b4b61c91d sp=0x0000000e0e6fc970
Event: 6.553 Thread 0x0000011b435bae30 DEOPT UNPACKING pc=0x0000011b4ae92b43 sp=0x0000000e0e6fbed8 mode 3
Event: 6.605 Thread 0x0000011b435bae30 DEOPT PACKING pc=0x0000011b4b327e81 sp=0x0000000e0e6feb40
Event: 6.605 Thread 0x0000011b435bae30 DEOPT UNPACKING pc=0x0000011b4ae92b43 sp=0x0000000e0e6fdfd0 mode 3
Event: 6.605 Thread 0x0000011b55410e70 DEOPT PACKING pc=0x0000011b4b2ac317 sp=0x0000000e105ff090
Event: 6.605 Thread 0x0000011b55410e70 DEOPT UNPACKING pc=0x0000011b4ae92b43 sp=0x0000000e105fe4e8 mode 3
Event: 12.240 Thread 0x0000011b435bae30 DEOPT PACKING pc=0x0000011b4b2f9222 sp=0x0000000e0e6fc400
Event: 12.240 Thread 0x0000011b435bae30 DEOPT UNPACKING pc=0x0000011b4ae92b43 sp=0x0000000e0e6fb908 mode 3
Event: 12.590 Thread 0x0000011b435bae30 DEOPT PACKING pc=0x0000011b4b31a924 sp=0x0000000e0e6fd280
Event: 12.590 Thread 0x0000011b435bae30 DEOPT UNPACKING pc=0x0000011b4ae92b43 sp=0x0000000e0e6fc7d8 mode 0
Event: 14.208 Thread 0x0000011b435bae30 DEOPT PACKING pc=0x0000011b4bbb21fb sp=0x0000000e0e6fa5c0
Event: 14.208 Thread 0x0000011b435bae30 DEOPT UNPACKING pc=0x0000011b4ae92b43 sp=0x0000000e0e6f9b08 mode 3

Classes unloaded (0 events):
No events

Classes redefined (0 events):
No events

Internal exceptions (20 events):
Event: 15.452 Thread 0x0000011b5bd0d310 Exception <a 'sun/nio/fs/WindowsException'{0x000000008968b068}> (0x000000008968b068) 
thrown [s\open\src\hotspot\share\prims\jni.cpp, line 516]
Event: 15.452 Thread 0x0000011b5bd0d310 Exception <a 'sun/nio/fs/WindowsException'{0x000000008968b368}> (0x000000008968b368) 
thrown [s\open\src\hotspot\share\prims\jni.cpp, line 516]
Event: 15.453 Thread 0x0000011b5bd0d310 Exception <a 'sun/nio/fs/WindowsException'{0x000000008968bce0}> (0x000000008968bce0) 
thrown [s\open\src\hotspot\share\prims\jni.cpp, line 516]
Event: 15.455 Thread 0x0000011b5bd0d310 Exception <a 'sun/nio/fs/WindowsException'{0x000000008968c020}> (0x000000008968c020) 
thrown [s\open\src\hotspot\share\prims\jni.cpp, line 516]
Event: 15.455 Thread 0x0000011b5bd0d310 Exception <a 'sun/nio/fs/WindowsException'{0x000000008968c970}> (0x000000008968c970) 
thrown [s\open\src\hotspot\share\prims\jni.cpp, line 516]
Event: 15.455 Thread 0x0000011b5bd0d310 Exception <a 'sun/nio/fs/WindowsException'{0x000000008968cc80}> (0x000000008968cc80) 
thrown [s\open\src\hotspot\share\prims\jni.cpp, line 516]
Event: 15.456 Thread 0x0000011b5bd0d310 Exception <a 'sun/nio/fs/WindowsException'{0x000000008968d5a8}> (0x000000008968d5a8) 
thrown [s\open\src\hotspot\share\prims\jni.cpp, line 516]
Event: 15.456 Thread 0x0000011b5bd0d310 Exception <a 'sun/nio/fs/WindowsException'{0x000000008968d878}> (0x000000008968d878) 
thrown [s\open\src\hotspot\share\prims\jni.cpp, line 516]
Event: 15.456 Thread 0x0000011b5bd0d310 Exception <a 'sun/nio/fs/WindowsException'{0x000000008968e1b0}> (0x000000008968e1b0) 
thrown [s\open\src\hotspot\share\prims\jni.cpp, line 516]
Event: 15.456 Thread 0x0000011b5bd0d310 Exception <a 'sun/nio/fs/WindowsException'{0x000000008968e4a0}> (0x000000008968e4a0) 
thrown [s\open\src\hotspot\share\prims\jni.cpp, line 516]
Event: 15.456 Thread 0x0000011b5bd0d310 Exception <a 'sun/nio/fs/WindowsException'{0x000000008968edc8}> (0x000000008968edc8) 
thrown [s\open\src\hotspot\share\prims\jni.cpp, line 516]
Event: 15.456 Thread 0x0000011b5bd0d310 Exception <a 'sun/nio/fs/WindowsException'{0x000000008968f0a8}> (0x000000008968f0a8) 
thrown [s\open\src\hotspot\share\prims\jni.cpp, line 516]
Event: 15.456 Thread 0x0000011b5bd0d310 Exception <a 'sun/nio/fs/WindowsException'{0x000000008968f9e0}> (0x000000008968f9e0) 
thrown [s\open\src\hotspot\share\prims\jni.cpp, line 516]
Event: 15.456 Thread 0x0000011b5bd0d310 Exception <a 'sun/nio/fs/WindowsException'{0x000000008968fcd0}> (0x000000008968fcd0) 
thrown [s\open\src\hotspot\share\prims\jni.cpp, line 516]
Event: 15.457 Thread 0x0000011b5bd0d310 Exception <a 'sun/nio/fs/WindowsException'{0x0000000089690620}> (0x0000000089690620) 
thrown [s\open\src\hotspot\share\prims\jni.cpp, line 516]
Event: 15.457 Thread 0x0000011b5bd0d310 Exception <a 'sun/nio/fs/WindowsException'{0x0000000089690930}> (0x0000000089690930) 
thrown [s\open\src\hotspot\share\prims\jni.cpp, line 516]
Event: 15.457 Thread 0x0000011b5bd0d310 Exception <a 'sun/nio/fs/WindowsException'{0x0000000089691298}> (0x0000000089691298) 
thrown [s\open\src\hotspot\share\prims\jni.cpp, line 516]
Event: 15.457 Thread 0x0000011b5bd0d310 Exception <a 'sun/nio/fs/WindowsException'{0x00000000896915c0}> (0x00000000896915c0) 
thrown [s\open\src\hotspot\share\prims\jni.cpp, line 516]
Event: 15.457 Thread 0x0000011b5bd0d310 Exception <a 'sun/nio/fs/WindowsException'{0x0000000089691f20}> (0x0000000089691f20) 
thrown [s\open\src\hotspot\share\prims\jni.cpp, line 516]
Event: 15.457 Thread 0x0000011b5bd0d310 Exception <a 'sun/nio/fs/WindowsException'{0x0000000089692240}> (0x0000000089692240) 
thrown [s\open\src\hotspot\share\prims\jni.cpp, line 516]

VM Operations (20 events):
Event: 14.755 Executing VM operation: G1TryInitiateConcMark done
Event: 14.837 Executing VM operation: G1Concurrent
Event: 14.842 Executing VM operation: G1Concurrent done
Event: 14.878 Executing VM operation: G1Concurrent
Event: 14.879 Executing VM operation: G1Concurrent done
Event: 14.895 Executing VM operation: G1CollectForAllocation
Event: 14.901 Executing VM operation: G1CollectForAllocation done
Event: 14.912 Executing VM operation: G1CollectForAllocation
Event: 14.917 Executing VM operation: G1CollectForAllocation done
Event: 15.036 Executing VM operation: G1CollectForAllocation
Event: 15.044 Executing VM operation: G1CollectForAllocation done
Event: 15.122 Executing VM operation: G1Concurrent
Event: 15.126 Executing VM operation: G1Concurrent done
Event: 15.162 Executing VM operation: G1Concurrent
Event: 15.163 Executing VM operation: G1Concurrent done
Event: 15.203 Executing VM operation: G1CollectForAllocation
Event: 15.211 Executing VM operation: G1CollectForAllocation done
Event: 15.225 Executing VM operation: G1CollectForAllocation
Event: 15.229 Executing VM operation: G1CollectForAllocation done
Event: 15.469 Executing VM operation: G1CollectForAllocation

Events (20 events):
Event: 15.376 Thread 0x0000011b5bd0ce40 Thread exited: 0x0000011b5bd0ce40
Event: 15.376 Thread 0x0000011b5bd0f990 Thread exited: 0x0000011b5bd0f990
Event: 15.376 Thread 0x0000011b5bd0d310 Thread exited: 0x0000011b5bd0d310
Event: 15.376 Thread 0x0000011b5bd09480 Thread exited: 0x0000011b5bd09480
Event: 15.376 Thread 0x0000011b5bd09e20 Thread exited: 0x0000011b5bd09e20
Event: 15.376 Thread 0x0000011b5bd0a7c0 Thread exited: 0x0000011b5bd0a7c0
Event: 15.412 Thread 0x0000011b5bd0ac90 Thread added: 0x0000011b5bd0ac90
Event: 15.413 Thread 0x0000011b5bd0ce40 Thread added: 0x0000011b5bd0ce40
Event: 15.413 Thread 0x0000011b5bd0d310 Thread added: 0x0000011b5bd0d310
Event: 15.413 Thread 0x0000011b5bd0d7e0 Thread added: 0x0000011b5bd0d7e0
Event: 15.414 Thread 0x0000011b5bd08ae0 Thread added: 0x0000011b5bd08ae0
Event: 15.414 Thread 0x0000011b5bd0b630 Thread added: 0x0000011b5bd0b630
Event: 15.414 Thread 0x0000011b5bd0f990 Thread added: 0x0000011b5bd0f990
Event: 15.415 Thread 0x0000011b5bd0c4a0 Thread added: 0x0000011b5bd0c4a0
Event: 15.415 Thread 0x0000011b5bd08140 Thread added: 0x0000011b5bd08140
Event: 15.415 Thread 0x0000011b5bd0dcb0 Thread added: 0x0000011b5bd0dcb0
Event: 15.415 Thread 0x0000011b5bd09e20 Thread added: 0x0000011b5bd09e20
Event: 15.415 Thread 0x0000011b5bd08fb0 Thread added: 0x0000011b5bd08fb0
Event: 15.416 Thread 0x0000011b5bd0b160 Thread added: 0x0000011b5bd0b160
Event: 15.416 Thread 0x0000011b5bd0e650 Thread added: 0x0000011b5bd0e650


Dynamic libraries:
0x00007ff7821c0000 - 0x00007ff7821d0000 	C:\Program Files\Java\jdk-17\bin\java.exe
0x00007ffe7a910000 - 0x00007ffe7ab08000 	C:\WINDOWS\SYSTEM32\ntdll.dll
0x00007ffe796b0000 - 0x00007ffe79771000 	C:\WINDOWS\System32\KERNEL32.DLL
0x00007ffe78250000 - 0x00007ffe78546000 	C:\WINDOWS\System32\KERNELBASE.dll
0x00007ffe78150000 - 0x00007ffe78250000 	C:\WINDOWS\System32\ucrtbase.dll
0x00007ffe54220000 - 0x00007ffe5423b000 	C:\Program Files\Java\jdk-17\bin\VCRUNTIME140.dll
0x00007ffe54240000 - 0x00007ffe54259000 	C:\Program Files\Java\jdk-17\bin\jli.dll
0x00007ffe789b0000 - 0x00007ffe78a60000 	C:\WINDOWS\System32\ADVAPI32.dll
0x00007ffe791e0000 - 0x00007ffe7927e000 	C:\WINDOWS\System32\msvcrt.dll
0x00007ffe78ed0000 - 0x00007ffe78f70000 	C:\WINDOWS\System32\sechost.dll
0x00007ffe79470000 - 0x00007ffe79593000 	C:\WINDOWS\System32\RPCRT4.dll
0x00007ffe78120000 - 0x00007ffe78147000 	C:\WINDOWS\System32\bcrypt.dll
0x00007ffe78ac0000 - 0x00007ffe78c5f000 	C:\WINDOWS\System32\USER32.dll
0x00007ffe787f0000 - 0x00007ffe78812000 	C:\WINDOWS\System32\win32u.dll
0x00007ffe7a470000 - 0x00007ffe7a49b000 	C:\WINDOWS\System32\GDI32.dll
0x00007ffe78820000 - 0x00007ffe78937000 	C:\WINDOWS\System32\gdi32full.dll
0x00007ffe77410000 - 0x00007ffe776aa000 	C:\WINDOWS\WinSxS\amd64_microsoft.windows.common-controls_6595b64144ccf1df_6.0.19041.4355_none_60b8b9eb71f62e16\COMCTL32.dll
0x00007ffe78010000 - 0x00007ffe780ad000 	C:\WINDOWS\System32\msvcp_win.dll
0x00007ffe748f0000 - 0x00007ffe748fa000 	C:\WINDOWS\SYSTEM32\VERSION.dll
0x00007ffe79680000 - 0x00007ffe796af000 	C:\WINDOWS\System32\IMM32.DLL
0x00007ffe54210000 - 0x00007ffe5421c000 	C:\Program Files\Java\jdk-17\bin\vcruntime140_1.dll
0x00007ffe54180000 - 0x00007ffe5420e000 	C:\Program Files\Java\jdk-17\bin\msvcp140.dll
0x00007ffe535a0000 - 0x00007ffe5417e000 	C:\Program Files\Java\jdk-17\bin\server\jvm.dll
0x00007ffe78f70000 - 0x00007ffe78f78000 	C:\WINDOWS\System32\PSAPI.DLL
0x00007ffe5ed00000 - 0x00007ffe5ed27000 	C:\WINDOWS\SYSTEM32\WINMM.dll
0x00007ffe63600000 - 0x00007ffe63609000 	C:\WINDOWS\SYSTEM32\WSOCK32.dll
0x00007ffe793a0000 - 0x00007ffe7940b000 	C:\WINDOWS\System32\WS2_32.dll
0x00007ffe75000000 - 0x00007ffe75012000 	C:\WINDOWS\SYSTEM32\kernel.appcore.dll
0x00007ffe5aba0000 - 0x00007ffe5abaa000 	C:\Program Files\Java\jdk-17\bin\jimage.dll
0x00007ffe778c0000 - 0x00007ffe77aa4000 	C:\WINDOWS\SYSTEM32\DBGHELP.DLL
0x00007ffe77880000 - 0x00007ffe778b4000 	C:\WINDOWS\SYSTEM32\dbgcore.DLL
0x00007ffe78760000 - 0x00007ffe787e2000 	C:\WINDOWS\System32\bcryptPrimitives.dll
0x00007ffe6f490000 - 0x00007ffe6f49e000 	C:\Program Files\Java\jdk-17\bin\instrument.dll
0x00007ffe53480000 - 0x00007ffe534a5000 	C:\Program Files\Java\jdk-17\bin\java.dll
0x00007ffe52e70000 - 0x00007ffe52f47000 	C:\Program Files\Java\jdk-17\bin\jsvml.dll
0x00007ffe79890000 - 0x00007ffe79ffc000 	C:\WINDOWS\System32\SHELL32.dll
0x00007ffe75990000 - 0x00007ffe7612e000 	C:\WINDOWS\SYSTEM32\windows.storage.dll
0x00007ffe7a570000 - 0x00007ffe7a8c3000 	C:\WINDOWS\System32\combase.dll
0x00007ffe771c0000 - 0x00007ffe771ee000 	C:\WINDOWS\SYSTEM32\Wldp.dll
0x00007ffe7a4a0000 - 0x00007ffe7a56d000 	C:\WINDOWS\System32\OLEAUT32.dll
0x00007ffe79280000 - 0x00007ffe7932d000 	C:\WINDOWS\System32\SHCORE.dll
0x00007ffe79330000 - 0x00007ffe79385000 	C:\WINDOWS\System32\shlwapi.dll
0x00007ffe77ef0000 - 0x00007ffe77f14000 	C:\WINDOWS\SYSTEM32\profapi.dll
0x00007ffe52d20000 - 0x00007ffe52d38000 	C:\Program Files\Java\jdk-17\bin\zip.dll
0x00007ffe53080000 - 0x00007ffe53099000 	C:\Program Files\Java\jdk-17\bin\net.dll
0x00007ffe70210000 - 0x00007ffe7031a000 	C:\WINDOWS\SYSTEM32\WINHTTP.dll
0x00007ffe76f80000 - 0x00007ffe76fea000 	C:\WINDOWS\system32\mswsock.dll
0x00007ffe52d90000 - 0x00007ffe52da6000 	C:\Program Files\Java\jdk-17\bin\nio.dll
0x00007ffe65ca0000 - 0x00007ffe65cba000 	C:\Program Files\JetBrains\IntelliJ IDEA 2024.1.1\bin\breakgen64.dll
0x00007ffe76cc0000 - 0x00007ffe76d8a000 	C:\WINDOWS\SYSTEM32\DNSAPI.dll
0x00007ffe76c80000 - 0x00007ffe76cbb000 	C:\WINDOWS\SYSTEM32\IPHLPAPI.DLL
0x00007ffe78940000 - 0x00007ffe78948000 	C:\WINDOWS\System32\NSI.dll
0x00007ffe709f0000 - 0x00007ffe709fa000 	C:\Windows\System32\rasadhlp.dll
0x00007ffe66ca0000 - 0x00007ffe66d20000 	C:\WINDOWS\System32\fwpuclnt.dll
0x00007ffe63620000 - 0x00007ffe6362a000 	C:\Program Files\Java\jdk-17\bin\management.dll
0x00007ffe63610000 - 0x00007ffe6361b000 	C:\Program Files\Java\jdk-17\bin\management_ext.dll
0x00007ffe77c50000 - 0x00007ffe77c68000 	C:\WINDOWS\SYSTEM32\CRYPTSP.dll
0x00007ffe76920000 - 0x00007ffe76954000 	C:\WINDOWS\system32\rsaenh.dll
0x00007ffe77ea0000 - 0x00007ffe77ece000 	C:\WINDOWS\SYSTEM32\USERENV.dll
0x00007ffe77110000 - 0x00007ffe7711c000 	C:\WINDOWS\SYSTEM32\CRYPTBASE.dll
0x00007ffe71170000 - 0x00007ffe71187000 	C:\WINDOWS\SYSTEM32\dhcpcsvc6.DLL
0x00007ffe71150000 - 0x00007ffe7116d000 	C:\WINDOWS\SYSTEM32\dhcpcsvc.DLL
0x00007ffe534b0000 - 0x00007ffe534c7000 	C:\WINDOWS\system32\napinsp.dll
0x00007ffe53140000 - 0x00007ffe5315b000 	C:\WINDOWS\system32\pnrpnsp.dll
0x00007ffe73970000 - 0x00007ffe73985000 	C:\WINDOWS\system32\wshbth.dll
0x00007ffe71b70000 - 0x00007ffe71b8d000 	C:\WINDOWS\system32\NLAapi.dll
0x00007ffe53120000 - 0x00007ffe53132000 	C:\WINDOWS\System32\winrnr.dll
0x00007ffe55fe0000 - 0x00007ffe55fee000 	C:\Program Files\Java\jdk-17\bin\sunmscapi.dll
0x00007ffe78550000 - 0x00007ffe786ae000 	C:\WINDOWS\System32\CRYPT32.dll
0x00007ffe772f0000 - 0x00007ffe77319000 	C:\WINDOWS\SYSTEM32\ncrypt.dll
0x00007ffe772b0000 - 0x00007ffe772eb000 	C:\WINDOWS\SYSTEM32\NTASN1.dll
0x00007ffe56010000 - 0x00007ffe56020000 	C:\Program Files\Java\jdk-17\bin\verify.dll

dbghelp: loaded successfully - version: 4.0.5 - missing functions: none
symbol engine: initialized successfully - sym options: 0x614 - pdb path: .;C:\Program Files\Java\jdk-17\bin;C:\WINDOWS\SYSTEM32;C:\WINDOWS\WinSxS\amd64_microsoft.windows.common-controls_6595b64144ccf1df_6.0.19041.4355_none_60b8b9eb71f62e16;C:\Program Files\Java\jdk-17\bin\server;C:\Program Files\JetBrains\IntelliJ IDEA 2024.1.1\bin

VM Arguments:
jvm_args: -XX:TieredStopAtLevel=1 -Dspring.output.ansi.enabled=always -Dcom.sun.management.jmxremote -Dspring.jmx.enabled=true -Dspring.liveBeansView.mbeanDomain -Dspring.application.admin.enabled=true -Dmanagement.endpoints.jmx.exposure.include=* -javaagent:C:\Program Files\JetBrains\IntelliJ IDEA 2024.1.1\lib\idea_rt.jar=7439:C:\Program Files\JetBrains\IntelliJ IDEA 2024.1.1\bin -Dfile.encoding=UTF-8 
java_command: com.example.tikicktaka.TikickTakaApplication
java_class_path (initial): C:\Users\hyoje\IdeaProjects\tikicktaka-server\build\classes\java\main;C:\Users\hyoje\IdeaProjects\tikicktaka-server\build\resources\main;C:\Users\hyoje\.gradle\caches\modules-2\files-2.1\org.projectlombok\lombok\1.18.32\17d46b3e205515e1e8efd3ee4d57ce8018914163\lombok-1.18.32.jar;C:\Users\hyoje\.gradle\caches\modules-2\files-2.1\org.springframework.boot\spring-boot-starter-data-jpa\3.3.1\f12725d58a944eaf4d44334a6a7b0fe14ed08577\spring-boot-starter-data-jpa-3.3.1.jar;C:\Users\hyoje\.gradle\caches\modules-2\files-2.1\org.springframework.boot\spring-boot-starter-thymeleaf\3.3.1\bfaf6d8f8f8498d5c35758204af71aceb22c21eb\spring-boot-starter-thymeleaf-3.3.1.jar;C:\Users\hyoje\.gradle\caches\modules-2\files-2.1\org.springframework.boot\spring-boot-starter-web\3.3.1\ec812e82a010d089438b6ac98ebe294f2e540f71\spring-boot-starter-web-3.3.1.jar;C:\Users\hyoje\.gradle\caches\modules-2\files-2.1\org.springdoc\springdoc-openapi-starter-webmvc-ui\2.0.2\264da79c9d4a53feab8c5c6d0e0cb143bd099d4\springdoc-openapi-starter-webmvc-ui-2.0.2.jar;C:\Users\hyoje\.gradle\caches\modules-2\files-2.1\io.springfox\springfox-swagger2\2.9.2\362676bc7f4c6f9f1d568741becab0dfc198c898\springfox-swagger2-2.9.2.jar;C:\Users\hyoje\.gradle\caches\modules-2\files-2.1\io.springfox\springfox-swagger-ui\2.9.2\d542382a88ff3ea8d4032c28b2b0325797fada7d\springfox-swagger-ui-2.9.2.jar;C:\Users\hyoje\.gradle\caches\modules-2\files-2.1\org.springframework.boot\spring-boot-starter-security\3.3.1\8bd079c5339fc519fce243858cb3db819a983e9b\spring-boot-starter-security-3.3.1.jar;C:\Users\hyoje\.gradle\caches\modules-2\files-2.1\org.springframework.boot\spring-boot-starter-mail\3.3.1\e7eb808264e0a80457766afb0c552806fc30918e\spring-boot-starter-mail-3.3.1.jar;C:\Users\hyoje\.gradle\caches\modules-2\files-2.1\org.springframework.cloud\spring-cloud-starter-aws\2.2.6.RELEASE\9d7c330b3f4aa477df2db27dd875a0e63a49456\spring-cloud-starter-aws-2.2.6.RELEASE.jar;C:\Users\hyoje\.gradle\caches\modules-2\files-2
Launcher Type: SUN_STANDARD

[Global flags]
     intx CICompilerCount                          = 4                                         {product} {ergonomic}
     uint ConcGCThreads                            = 2                                         {product} {ergonomic}
     uint G1ConcRefinementThreads                  = 8                                         {product} {ergonomic}
   size_t G1HeapRegionSize                         = 1048576                                   {product} {ergonomic}
    uintx GCDrainStackTargetSize                   = 64                                        {product} {ergonomic}
   size_t InitialHeapSize                          = 132120576                                 {product} {ergonomic}
     bool ManagementServer                         = true                                      {product} {command line}
   size_t MarkStackSize                            = 4194304                                   {product} {ergonomic}
   size_t MaxHeapSize                              = 2105540608                                {product} {ergonomic}
   size_t MaxNewSize                               = 1262485504                                {product} {ergonomic}
   size_t MinHeapDeltaBytes                        = 1048576                                   {product} {ergonomic}
   size_t MinHeapSize                              = 8388608                                   {product} {ergonomic}
    uintx NonProfiledCodeHeapSize                  = 0                                      {pd product} {ergonomic}
     bool ProfileInterpreter                       = false                                  {pd product} {command line}
    uintx ProfiledCodeHeapSize                     = 0                                      {pd product} {ergonomic}
   size_t SoftMaxHeapSize                          = 2105540608                             {manageable} {ergonomic}
     intx TieredStopAtLevel                        = 1                                         {product} {command line}
     bool UseCompressedClassPointers               = true                           {product lp64_product} {ergonomic}
     bool UseCompressedOops                        = true                           {product lp64_product} {ergonomic}
     bool UseG1GC                                  = true                                      {product} {ergonomic}
     bool UseLargePagesIndividualAllocation        = false                                  {pd product} {ergonomic}

Logging:
Log output configuration:
 #0: stdout all=warning uptime,level,tags
 #1: stderr all=off uptime,level,tags

Environment Variables:
JAVA_HOME=C:\Program Files\Java\jdk-17
PATH=C:\Program Files (x86)\VMware\VMware Workstation\bin\;C:\Program Files\Java\jdk-17\bin;C:\Python310\Scripts\;C:\Python310\;C:\Program Files\Common Files\Oracle\Java\javapath;C:\ProgramData\Anaconda3;C:\ProgramData\Anaconda3\Library\mingw-w64\bin;C:\ProgramData\Anaconda3\Library\usr\bin;C:\ProgramData\Anaconda3\Library\bin;C:\ProgramData\Anaconda3\Scripts;C:\WINDOWS\system32;C:\WINDOWS;C:\WINDOWS\System32\Wbem;C:\WINDOWS\System32\WindowsPowerShell\v1.0\;C:\WINDOWS\System32\OpenSSH\;C:\Program Files\Intel\WiFi\bin\;C:\Program Files\Common Files\Intel\WirelessCommon\;C:\Program Files\Java\jdk-15.0.2\bin;C:\MinGW\bin;C:\Users\hyoje\AppData\Local\Android\Sdk\platform-tools;C:\Program Files\Docker\Docker\resources\bin;C:\ProgramData\DockerDesktop\version-bin;C:\Program Files\Microsoft SQL Server\150\Tools\Binn\;C:\ProgramData\chocolatey\bin;C:\Program Files\Git\cmd;C:\Program Files\nodejs\;C:\Python310\Lib\site-packages;C:\Program Files\PuTTY\;C:\Users\hyoje\AppData\Local\Programs\Python\Python38\Scripts\;C:\Users\hyoje\AppData\Local\Programs\Python\Python38\;C:\Users\hyoje\AppData\Local\Programs\Python\Python38-32\Scripts\;C:\Users\hyoje\AppData\Local\Programs\Python\Python38-32\;C:\Users\hyoje\AppData\Local\Microsoft\WindowsApps;C:\Users\hyoje\AppData\Local\Programs\Microsoft VS Code\bin;C:\Users\hyoje\AppData\Local\atom\bin;C:\Program Files\Bandizip\;C:\Program Files\Intel\WiFi\bin\;C:\Program Files\Common Files\Intel\WirelessCommon\;C:\venvs;C:\Users\hyoje\.dotnet\tools;C:\Users\hyoje\AppData\Local\JetBrains\IntelliJ IDEA 2022.2.2\bin;C:\Users\hyoje\AppData\Local\JetBrains\Toolbox\scripts;C:\Users\hyoje\AppData\Roaming\npm;C:\Python310\Lib\site-packages;C:\Program Files\JetBrains\PyCharm Community Edition 2021.1.3\bin;C:\Program Files\JetBrains\IntelliJ IDEA 2024.1.1\bin;C:\Users\hyoje\AppData\Local\gitkraken\bin
USERNAME=hyoje
OS=Windows_NT
PROCESSOR_IDENTIFIER=Intel64 Family 6 Model 142 Stepping 12, GenuineIntel



---------------  S Y S T E M  ---------------

OS:
 Windows 10 , 64 bit Build 19041 (10.0.19041.4597)
OS uptime: 11 days 1:08 hours
Hyper-V role detected

CPU: total 8 (initial active 8) (4 cores per cpu, 2 threads per core) family 6 model 142 stepping 12 microcode 0xbe, cx8, cmov, fxsr, ht, mmx, 3dnowpref, sse, sse2, sse3, ssse3, sse4.1, sse4.2, popcnt, lzcnt, tsc, tscinvbit, avx, avx2, aes, erms, clmul, bmi1, bmi2, adx, fma, vzeroupper, clflush, clflushopt, hv

Memory: 4k page, system-wide physical 8029M (160M free)
TotalPageFile size 32605M (AvailPageFile size 113M)
current process WorkingSet (physical memory assigned to process): 319M, peak: 319M
current process commit charge ("private bytes"): 361M, peak: 584M

vm_info: Java HotSpot(TM) 64-Bit Server VM (17.0.8+9-LTS-211) for windows-amd64 JRE (17.0.8+9-LTS-211), built on Jun 14 2023 10:34:31 by "mach5one" with MS VC++ 17.1 (VS2022)

END.
